DEBUG:py4j.java_gateway:GatewayClient.port is deprecated and will be removed in version 1.0. Use GatewayParameters instead.
DEBUG:py4j.java_gateway:JavaGateway.auto_convert is deprecated and will be removed in version 1.0. Use GatewayParameters instead.
DEBUG:py4j.java_gateway:JavaGateway.gateway_client is deprecated and will be removed in version 1.0. Use GatewayParameters instead.
DEBUG:py4j.java_gateway:Command to send: j
i
rj
org.apache.spark.SparkConf
e

DEBUG:py4j.java_gateway:Answer received: !yv
DEBUG:py4j.java_gateway:Command to send: j
i
rj
org.apache.spark.api.java.*
e

DEBUG:py4j.java_gateway:Answer received: !yv
DEBUG:py4j.java_gateway:Command to send: j
i
rj
org.apache.spark.api.python.*
e

DEBUG:py4j.java_gateway:Answer received: !yv
DEBUG:py4j.java_gateway:Command to send: j
i
rj
org.apache.spark.ml.python.*
e

DEBUG:py4j.java_gateway:Answer received: !yv
DEBUG:py4j.java_gateway:Command to send: j
i
rj
org.apache.spark.mllib.api.python.*
e

DEBUG:py4j.java_gateway:Answer received: !yv
DEBUG:py4j.java_gateway:Command to send: j
i
rj
org.apache.spark.sql.*
e

DEBUG:py4j.java_gateway:Answer received: !yv
DEBUG:py4j.java_gateway:Command to send: j
i
rj
org.apache.spark.sql.hive.*
e

DEBUG:py4j.java_gateway:Answer received: !yv
DEBUG:py4j.java_gateway:Command to send: j
i
rj
scala.Tuple2
e

DEBUG:py4j.java_gateway:Answer received: !yv
DEBUG:py4j.java_gateway:Command to send: r
u
SparkConf
rj
e

DEBUG:py4j.java_gateway:Answer received: !ycorg.apache.spark.SparkConf
DEBUG:py4j.java_gateway:Command to send: i
org.apache.spark.SparkConf
bTrue
e

DEBUG:py4j.java_gateway:Answer received: !yro0
DEBUG:py4j.java_gateway:Command to send: c
o0
set
sspark.app.name
swhat is popular
e

DEBUG:py4j.java_gateway:Answer received: !yro1
DEBUG:py4j.java_gateway:Command to send: m
d
o1
e

DEBUG:py4j.java_gateway:Answer received: !yv
DEBUG:py4j.java_gateway:Command to send: c
o0
contains
sspark.serializer.objectStreamReset
e

DEBUG:py4j.java_gateway:Answer received: !ybfalse
DEBUG:py4j.java_gateway:Command to send: c
o0
set
sspark.serializer.objectStreamReset
s100
e

DEBUG:py4j.java_gateway:Answer received: !yro2
DEBUG:py4j.java_gateway:Command to send: m
d
o2
e

DEBUG:py4j.java_gateway:Answer received: !yv
DEBUG:py4j.java_gateway:Command to send: c
o0
contains
sspark.rdd.compress
e

DEBUG:py4j.java_gateway:Answer received: !ybfalse
DEBUG:py4j.java_gateway:Command to send: c
o0
set
sspark.rdd.compress
sTrue
e

DEBUG:py4j.java_gateway:Answer received: !yro3
DEBUG:py4j.java_gateway:Command to send: m
d
o3
e

DEBUG:py4j.java_gateway:Answer received: !yv
DEBUG:py4j.java_gateway:Command to send: c
o0
contains
sspark.master
e

DEBUG:py4j.java_gateway:Answer received: !ybtrue
DEBUG:py4j.java_gateway:Command to send: c
o0
contains
sspark.app.name
e

DEBUG:py4j.java_gateway:Answer received: !ybtrue
DEBUG:py4j.java_gateway:Command to send: c
o0
contains
sspark.master
e

DEBUG:py4j.java_gateway:Answer received: !ybtrue
DEBUG:py4j.java_gateway:Command to send: c
o0
get
sspark.master
e

DEBUG:py4j.java_gateway:Answer received: !yslocal[*]
DEBUG:py4j.java_gateway:Command to send: c
o0
contains
sspark.app.name
e

DEBUG:py4j.java_gateway:Answer received: !ybtrue
DEBUG:py4j.java_gateway:Command to send: c
o0
get
sspark.app.name
e

DEBUG:py4j.java_gateway:Answer received: !yswhat is popular
DEBUG:py4j.java_gateway:Command to send: c
o0
contains
sspark.home
e

DEBUG:py4j.java_gateway:Answer received: !ybfalse
DEBUG:py4j.java_gateway:Command to send: c
o0
getAll
e

DEBUG:py4j.java_gateway:Answer received: !yto4
DEBUG:py4j.java_gateway:Command to send: a
e
o4
e

DEBUG:py4j.java_gateway:Answer received: !yi6
DEBUG:py4j.java_gateway:Command to send: a
g
o4
i0
e

DEBUG:py4j.java_gateway:Answer received: !yro5
DEBUG:py4j.java_gateway:Command to send: c
o5
_1
e

DEBUG:py4j.java_gateway:Answer received: !ysspark.files
DEBUG:py4j.java_gateway:Command to send: c
o5
_2
e

DEBUG:py4j.java_gateway:Answer received: !ysfile:/home/tutn6/Desktop/engine_recommendation.git/trunk/recommendation_engine/what_is_popular.py
DEBUG:py4j.java_gateway:Command to send: a
e
o4
e

DEBUG:py4j.java_gateway:Answer received: !yi6
DEBUG:py4j.java_gateway:Command to send: a
g
o4
i1
e

DEBUG:py4j.java_gateway:Answer received: !yro6
DEBUG:py4j.java_gateway:Command to send: c
o6
_1
e

DEBUG:py4j.java_gateway:Answer received: !ysspark.rdd.compress
DEBUG:py4j.java_gateway:Command to send: c
o6
_2
e

DEBUG:py4j.java_gateway:Answer received: !ysTrue
DEBUG:py4j.java_gateway:Command to send: a
e
o4
e

DEBUG:py4j.java_gateway:Answer received: !yi6
DEBUG:py4j.java_gateway:Command to send: a
g
o4
i2
e

DEBUG:py4j.java_gateway:Answer received: !yro7
DEBUG:py4j.java_gateway:Command to send: c
o7
_1
e

DEBUG:py4j.java_gateway:Answer received: !ysspark.serializer.objectStreamReset
DEBUG:py4j.java_gateway:Command to send: c
o7
_2
e

DEBUG:py4j.java_gateway:Answer received: !ys100
DEBUG:py4j.java_gateway:Command to send: a
e
o4
e

DEBUG:py4j.java_gateway:Answer received: !yi6
DEBUG:py4j.java_gateway:Command to send: a
g
o4
i3
e

DEBUG:py4j.java_gateway:Answer received: !yro8
DEBUG:py4j.java_gateway:Command to send: c
o8
_1
e

DEBUG:py4j.java_gateway:Answer received: !ysspark.master
DEBUG:py4j.java_gateway:Command to send: c
o8
_2
e

DEBUG:py4j.java_gateway:Answer received: !yslocal[*]
DEBUG:py4j.java_gateway:Command to send: a
e
o4
e

DEBUG:py4j.java_gateway:Answer received: !yi6
DEBUG:py4j.java_gateway:Command to send: a
g
o4
i4
e

DEBUG:py4j.java_gateway:Answer received: !yro9
DEBUG:py4j.java_gateway:Command to send: c
o9
_1
e

DEBUG:py4j.java_gateway:Answer received: !ysspark.app.name
DEBUG:py4j.java_gateway:Command to send: c
o9
_2
e

DEBUG:py4j.java_gateway:Answer received: !yswhat is popular
DEBUG:py4j.java_gateway:Command to send: a
e
o4
e

DEBUG:py4j.java_gateway:Answer received: !yi6
DEBUG:py4j.java_gateway:Command to send: a
g
o4
i5
e

DEBUG:py4j.java_gateway:Answer received: !yro10
DEBUG:py4j.java_gateway:Command to send: c
o10
_1
e

DEBUG:py4j.java_gateway:Answer received: !ysspark.submit.deployMode
DEBUG:py4j.java_gateway:Command to send: c
o10
_2
e

DEBUG:py4j.java_gateway:Answer received: !ysclient
DEBUG:py4j.java_gateway:Command to send: a
e
o4
e

DEBUG:py4j.java_gateway:Answer received: !yi6
DEBUG:py4j.java_gateway:Command to send: m
d
o4
e

DEBUG:py4j.java_gateway:Answer received: !yv
DEBUG:py4j.java_gateway:Command to send: r
u
JavaSparkContext
rj
e

DEBUG:py4j.java_gateway:Answer received: !ycorg.apache.spark.api.java.JavaSparkContext
DEBUG:py4j.java_gateway:Command to send: i
org.apache.spark.api.java.JavaSparkContext
ro0
e

DEBUG:py4j.java_gateway:Answer received: !yro11
DEBUG:py4j.java_gateway:Command to send: c
o11
sc
e

DEBUG:py4j.java_gateway:Answer received: !yro12
DEBUG:py4j.java_gateway:Command to send: c
o12
conf
e

DEBUG:py4j.java_gateway:Answer received: !yro13
DEBUG:py4j.java_gateway:Command to send: r
u
PythonAccumulatorV2
rj
e

DEBUG:py4j.java_gateway:Answer received: !ycorg.apache.spark.api.python.PythonAccumulatorV2
DEBUG:py4j.java_gateway:Command to send: i
org.apache.spark.api.python.PythonAccumulatorV2
s127.0.0.1
i54535
e

DEBUG:py4j.java_gateway:Answer received: !yro14
DEBUG:py4j.java_gateway:Command to send: c
o11
sc
e

DEBUG:py4j.java_gateway:Answer received: !yro15
DEBUG:py4j.java_gateway:Command to send: c
o15
register
ro14
e

DEBUG:py4j.java_gateway:Answer received: !yv
DEBUG:py4j.java_gateway:Command to send: r
u
org
rj
e

DEBUG:py4j.java_gateway:Answer received: !yp
DEBUG:py4j.java_gateway:Command to send: r
u
org.apache
rj
e

DEBUG:py4j.java_gateway:Answer received: !yp
DEBUG:py4j.java_gateway:Command to send: r
u
org.apache.spark
rj
e

DEBUG:py4j.java_gateway:Answer received: !yp
DEBUG:py4j.java_gateway:Command to send: r
u
org.apache.spark.SparkFiles
rj
e

DEBUG:py4j.java_gateway:Answer received: !ycorg.apache.spark.SparkFiles
DEBUG:py4j.java_gateway:Command to send: r
m
org.apache.spark.SparkFiles
getRootDirectory
e

DEBUG:py4j.java_gateway:Answer received: !ym
DEBUG:py4j.java_gateway:Command to send: c
z:org.apache.spark.SparkFiles
getRootDirectory
e

DEBUG:py4j.java_gateway:Answer received: !ys/tmp/spark-f6b06beb-3075-4f50-a9d7-480a97bc5ee1/userFiles-ef42d917-8520-44d2-8771-decc528ff50c
DEBUG:py4j.java_gateway:Command to send: c
o13
get
sspark.submit.pyFiles
s
e

DEBUG:py4j.java_gateway:Answer received: !ys
DEBUG:py4j.java_gateway:Command to send: r
u
org
rj
e

DEBUG:py4j.java_gateway:Answer received: !yp
DEBUG:py4j.java_gateway:Command to send: r
u
org.apache
rj
e

DEBUG:py4j.java_gateway:Answer received: !yp
DEBUG:py4j.java_gateway:Command to send: r
u
org.apache.spark
rj
e

DEBUG:py4j.java_gateway:Answer received: !yp
DEBUG:py4j.java_gateway:Command to send: r
u
org.apache.spark.util
rj
e

DEBUG:py4j.java_gateway:Answer received: !yp
DEBUG:py4j.java_gateway:Command to send: r
u
org.apache.spark.util.Utils
rj
e

DEBUG:py4j.java_gateway:Answer received: !ycorg.apache.spark.util.Utils
DEBUG:py4j.java_gateway:Command to send: r
m
org.apache.spark.util.Utils
getLocalDir
e

DEBUG:py4j.java_gateway:Answer received: !ym
DEBUG:py4j.java_gateway:Command to send: c
o11
sc
e

DEBUG:py4j.java_gateway:Answer received: !yro16
DEBUG:py4j.java_gateway:Command to send: c
o16
conf
e

DEBUG:py4j.java_gateway:Answer received: !yro17
DEBUG:py4j.java_gateway:Command to send: c
z:org.apache.spark.util.Utils
getLocalDir
ro17
e

DEBUG:py4j.java_gateway:Answer received: !ys/tmp/spark-f6b06beb-3075-4f50-a9d7-480a97bc5ee1
DEBUG:py4j.java_gateway:Command to send: r
u
org
rj
e

DEBUG:py4j.java_gateway:Answer received: !yp
DEBUG:py4j.java_gateway:Command to send: r
u
org.apache
rj
e

DEBUG:py4j.java_gateway:Answer received: !yp
DEBUG:py4j.java_gateway:Command to send: r
u
org.apache.spark
rj
e

DEBUG:py4j.java_gateway:Answer received: !yp
DEBUG:py4j.java_gateway:Command to send: r
u
org.apache.spark.util
rj
e

DEBUG:py4j.java_gateway:Answer received: !yp
DEBUG:py4j.java_gateway:Command to send: r
u
org.apache.spark.util.Utils
rj
e

DEBUG:py4j.java_gateway:Answer received: !ycorg.apache.spark.util.Utils
DEBUG:py4j.java_gateway:Command to send: r
m
org.apache.spark.util.Utils
createTempDir
e

DEBUG:py4j.java_gateway:Answer received: !ym
DEBUG:py4j.java_gateway:Command to send: c
z:org.apache.spark.util.Utils
createTempDir
s/tmp/spark-f6b06beb-3075-4f50-a9d7-480a97bc5ee1
spyspark
e

DEBUG:py4j.java_gateway:Answer received: !yro18
DEBUG:py4j.java_gateway:Command to send: c
o18
getAbsolutePath
e

DEBUG:py4j.java_gateway:Answer received: !ys/tmp/spark-f6b06beb-3075-4f50-a9d7-480a97bc5ee1/pyspark-cca64129-0eee-4e0d-8566-461ef8076ced
DEBUG:py4j.java_gateway:Command to send: c
o13
get
sspark.python.profile
sfalse
e

DEBUG:py4j.java_gateway:Answer received: !ysfalse
DEBUG:py4j.java_gateway:Command to send: c
o13
set
sspark.app.name
swhat is popular
e

DEBUG:py4j.java_gateway:Answer received: !yro19
DEBUG:py4j.java_gateway:Command to send: m
d
o19
e

DEBUG:py4j.java_gateway:Answer received: !yv
DEBUG:py4j.java_gateway:Command to send: r
u
SparkSession
rj
e

DEBUG:py4j.java_gateway:Answer received: !ycorg.apache.spark.sql.SparkSession
DEBUG:py4j.java_gateway:Command to send: c
o11
sc
e

DEBUG:py4j.java_gateway:Answer received: !yro20
DEBUG:py4j.java_gateway:Command to send: i
org.apache.spark.sql.SparkSession
ro20
e

DEBUG:py4j.java_gateway:Answer received: !yro21
DEBUG:py4j.java_gateway:Command to send: c
o21
sqlContext
e

DEBUG:py4j.java_gateway:Answer received: !yro22
DEBUG:py4j.java_gateway:Command to send: m
d
o0
e

DEBUG:py4j.java_gateway:Answer received: !yv
DEBUG:py4j.java_gateway:Command to send: m
d
o5
e

DEBUG:py4j.java_gateway:Answer received: !yv
DEBUG:py4j.java_gateway:Command to send: m
d
o6
e

DEBUG:py4j.java_gateway:Answer received: !yv
DEBUG:py4j.java_gateway:Command to send: m
d
o7
e

DEBUG:py4j.java_gateway:Answer received: !yv
DEBUG:py4j.java_gateway:Command to send: m
d
o8
e

DEBUG:py4j.java_gateway:Answer received: !yv
DEBUG:py4j.java_gateway:Command to send: m
d
o9
e

DEBUG:py4j.java_gateway:Answer received: !yv
DEBUG:py4j.java_gateway:Command to send: m
d
o10
e

DEBUG:py4j.java_gateway:Answer received: !yv
DEBUG:py4j.java_gateway:Command to send: m
d
o12
e

DEBUG:py4j.java_gateway:Answer received: !yv
DEBUG:py4j.java_gateway:Command to send: m
d
o15
e

DEBUG:py4j.java_gateway:Answer received: !yv
DEBUG:py4j.java_gateway:Command to send: m
d
o16
e

DEBUG:py4j.java_gateway:Answer received: !yv
DEBUG:py4j.java_gateway:Command to send: m
d
o17
e

DEBUG:py4j.java_gateway:Answer received: !yv
DEBUG:py4j.java_gateway:Command to send: m
d
o18
e

DEBUG:py4j.java_gateway:Answer received: !yv
DEBUG:py4j.java_gateway:Command to send: m
d
o20
e

DEBUG:py4j.java_gateway:Answer received: !yv
DEBUG:py4j.java_gateway:Command to send: c
o21
sessionState
e

DEBUG:py4j.java_gateway:Answer received: !yro23
DEBUG:py4j.java_gateway:Command to send: c
o23
conf
e

DEBUG:py4j.java_gateway:Answer received: !yro24
DEBUG:py4j.java_gateway:Command to send: c
o24
setConfString
sspark.app.name
swhat is popular
e

DEBUG:py4j.java_gateway:Answer received: !yv
DEBUG:py4j.java_gateway:Command to send: c
o13
set
sspark.app.name
swhat is popular
e

DEBUG:py4j.java_gateway:Answer received: !yro25
DEBUG:py4j.java_gateway:Command to send: m
d
o25
e

DEBUG:py4j.java_gateway:Answer received: !yv
INFO:last-action-process:+------------------------------------------------------+
INFO:last-action-process:+-----------------------BEGIN PROCESS------------------+
INFO:last-action-process:+------------------------------------------------------+
DEBUG:py4j.java_gateway:Command to send: c
o22
read
e

DEBUG:py4j.java_gateway:Answer received: !yro26
DEBUG:py4j.java_gateway:Command to send: c
o26
format
scom.databricks.spark.csv
e

DEBUG:py4j.java_gateway:Answer received: !yro27
DEBUG:py4j.java_gateway:Command to send: c
o27
option
sheader
strue
e

DEBUG:py4j.java_gateway:Answer received: !yro28
DEBUG:py4j.java_gateway:Command to send: c
o28
load
smeta-data/movies.csv
e

DEBUG:py4j.java_gateway:Answer received: !yro29
DEBUG:py4j.java_gateway:Command to send: c
o29
javaToPython
e

DEBUG:py4j.java_gateway:Answer received: !yro30
DEBUG:py4j.java_gateway:Command to send: c
o30
id
e

DEBUG:py4j.java_gateway:Answer received: !yi11
DEBUG:py4j.java_gateway:Command to send: m
d
o23
e

DEBUG:py4j.java_gateway:Answer received: !yv
DEBUG:py4j.java_gateway:Command to send: m
d
o24
e

DEBUG:py4j.java_gateway:Answer received: !yv
DEBUG:py4j.java_gateway:Command to send: m
d
o26
e

DEBUG:py4j.java_gateway:Answer received: !yv
DEBUG:py4j.java_gateway:Command to send: m
d
o27
e

DEBUG:py4j.java_gateway:Answer received: !yv
DEBUG:py4j.java_gateway:Command to send: m
d
o28
e

DEBUG:py4j.java_gateway:Answer received: !yv
DEBUG:py4j.java_gateway:Command to send: m
d
o29
e

DEBUG:py4j.java_gateway:Answer received: !yv
DEBUG:py4j.java_gateway:Command to send: c
o30
partitions
e

DEBUG:py4j.java_gateway:Answer received: !ylo31
DEBUG:py4j.java_gateway:Command to send: c
o31
size
e

DEBUG:py4j.java_gateway:Answer received: !yi4
DEBUG:py4j.java_gateway:Command to send: r
u
PythonRDD
rj
e

DEBUG:py4j.java_gateway:Answer received: !ycorg.apache.spark.api.python.PythonRDD
DEBUG:py4j.java_gateway:Command to send: r
m
org.apache.spark.api.python.PythonRDD
runJob
e

DEBUG:py4j.java_gateway:Answer received: !ym
DEBUG:py4j.java_gateway:Command to send: c
o11
sc
e

DEBUG:py4j.java_gateway:Answer received: !yro32
DEBUG:py4j.java_gateway:Command to send: m
d
o31
e

DEBUG:py4j.java_gateway:Answer received: !yv
DEBUG:py4j.java_gateway:Command to send: r
u
PythonFunction
rj
e

DEBUG:py4j.java_gateway:Answer received: !ycorg.apache.spark.api.python.PythonFunction
DEBUG:py4j.java_gateway:Command to send: i
java.util.HashMap
e

DEBUG:py4j.java_gateway:Answer received: !yao33
DEBUG:py4j.java_gateway:Command to send: c
o33
put
sPYTHONHASHSEED
s0
e

DEBUG:py4j.java_gateway:Answer received: !yn
DEBUG:py4j.java_gateway:Command to send: i
java.util.ArrayList
e

DEBUG:py4j.java_gateway:Answer received: !ylo34
DEBUG:py4j.java_gateway:Command to send: i
java.util.ArrayList
e

DEBUG:py4j.java_gateway:Answer received: !ylo35
DEBUG:py4j.java_gateway:Command to send: i
org.apache.spark.api.python.PythonFunction
jgAIoY3B5c3BhcmsuY2xvdWRwaWNrbGUKX2ZpbGxfZnVuY3Rpb24KcQAoY3B5c3BhcmsuY2xvdWRwaWNrbGUKX21ha2Vfc2tlbF9mdW5jCnEBY3B5c3BhcmsuY2xvdWRwaWNrbGUKX2J1aWx0aW5fdHlwZQpxAlgIAAAAQ29kZVR5cGVxA4VxBFJxBShLAksASwJLBUsTY19jb2RlY3MKZW5jb2RlCnEGWBoAAADCiAAAfAAAwogBAHwAAHwBAMKDAgDCgwIAU3EHWAYAAABsYXRpbjFxCIZxCVJxCk6FcQspWAUAAABzcGxpdHEMWAgAAABpdGVyYXRvcnENhnEOWEUAAAAvaG9tZS90dXRuNi9EZXNrdG9wL3NwYXJrLTIuMi4wL3B5dGhvbi9saWIvcHlzcGFyay56aXAvcHlzcGFyay9yZGQucHlxD1gNAAAAcGlwZWxpbmVfZnVuY3EQTXYJaAZYAgAAAAABcRFoCIZxElJxE1gEAAAAZnVuY3EUWAkAAABwcmV2X2Z1bmNxFYZxFil0cRdScRhdcRkoaAAoaAFoBShLAksASwJLAksTaAZYDAAAAMKIAAB8AQDCgwEAU3EaaAiGcRtScRxOhXEdKVgBAAAAc3EeaA2GcR9oD2gUTVkBaAZYAgAAAAABcSBoCIZxIVJxIlgBAAAAZnEjhXEkKXRxJVJxJl1xJ2gAKGgBaAUoSwFLAEsCSwJLM2gGWEEAAAB0AAB8AADCgwEAfQAAZAEAfQEAeCUAfAEAwogAAGsAAHI5AHQBAHwAAMKDAQBWAXwBAGQCADd9AQBxFQBXZAAAU3EoaAiGcSlScSpOSwBLAYdxK1gEAAAAaXRlcnEsWAQAAABuZXh0cS2GcS5oDVgFAAAAdGFrZW5xL4ZxMGgPWA8AAAB0YWtlVXBUb051bUxlZnRxMU03BWgGWAoAAAAAAQwBBgEPAQsBcTJoCIZxM1JxNFgEAAAAbGVmdHE1hXE2KXRxN1JxOF1xOUsBYX1xOodxO1JxPH1xPU59cT5YCwAAAHB5c3BhcmsucmRkcT90UmFoOodxQFJxQX1xQk59cUNoP3RSaAAoaAFoGF1xRChoAChoAWgFKEsCSwBLAksDSxNoBlgPAAAAdAAAwogAAHwBAMKDAgBTcUVoCIZxRlJxR06FcUhYAwAAAG1hcHFJhXFKWAEAAABfcUtoDYZxTGgPaBRNPQFoBlgCAAAAAAFxTWgIhnFOUnFPaCOFcVApdHFRUnFSXXFTaAAoaAFoBShLAUsASwFLAUtTaAZYBAAAAHwAAFNxVGgIhnFVUnFWToVxVylYAwAAAG9ianFYhXFZWE0AAAAvaG9tZS90dXRuNi9EZXNrdG9wL3NwYXJrLTIuMi4wL3B5dGhvbi9saWIvcHlzcGFyay56aXAvcHlzcGFyay9zcWwvc2Vzc2lvbi5weXFaWAgAAAA8bGFtYmRhPnFbTRQCY19fYnVpbHRpbl9fCmJ5dGVzCnFcKVJxXSkpdHFeUnFfXXFgfXFhh3FiUnFjfXFkTn1xZVgTAAAAcHlzcGFyay5zcWwuc2Vzc2lvbnFmdFJhaDqHcWdScWh9cWlOfXFqaD90UmgAKGgBaFJdcWtoAChoAWgFKEsBSwBLAUsHS1NoBlgqAAAAdAAAZAEAdAEAfAAAZAIAGcKDAQBkAwB0AgB8AABkBAAZwoMBAMKDAAJTcWxoCIZxbVJxbihOWAsAAABtb3ZpZV9pbmRleHFvSwBYCAAAAG1vdmllX2lkcXBLAXRxcVgDAAAAUm93cXJYAwAAAGludHFzWAMAAABzdHJxdIdxdVgBAAAAeHF2hXF3WFwAAAAvaG9tZS90dXRuNi9EZXNrdG9wL2VuZ2luZV9yZWNvbW1lbmRhdGlvbi5naXQvdHJ1bmsvcmVjb21tZW5kYXRpb25fZW5naW5lL3doYXRfaXNfcG9wdWxhci5weXF4aFtLMmhcKVJxeSkpdHF6UnF7XXF8fXF9h3F+UnF/fXGAaHJjcHlzcGFyay5zcWwudHlwZXMKUm93CnGBc059cYJYCAAAAF9fbWFpbl9fcYN0UmFoOodxhFJxhX1xhk59cYdoP3RSZWg6h3GIUnGJfXGKTn1xi2g/dFJlaDqHcYxScY19cY5OfXGPaD90Uk5jcHlzcGFyay5zZXJpYWxpemVycwpCYXRjaGVkU2VyaWFsaXplcgpxkCmBcZF9cZIoWAkAAABiYXRjaFNpemVxk0r/////WAoAAABzZXJpYWxpemVycZRjcHlzcGFyay5zZXJpYWxpemVycwpQaWNrbGVTZXJpYWxpemVyCnGVKYFxln1xl1gTAAAAX29ubHlfd3JpdGVfc3RyaW5nc3GYiXNidWJjcHlzcGFyay5zZXJpYWxpemVycwpBdXRvQmF0Y2hlZFNlcmlhbGl6ZXIKcZkpgXGafXGbKGiTSwBolGiVKYFxnH1xnWiYiXNiWAgAAABiZXN0U2l6ZXGeSgAAAQB1YnRxny4=
ro33
ro34
spython3.4
s3.4
ro35
ro14
e

DEBUG:py4j.java_gateway:Answer received: !yro36
DEBUG:py4j.java_gateway:Command to send: m
d
o33
e

DEBUG:py4j.java_gateway:Answer received: !yv
DEBUG:py4j.java_gateway:Command to send: m
d
o34
e

DEBUG:py4j.java_gateway:Answer received: !yv
DEBUG:py4j.java_gateway:Command to send: m
d
o35
e

DEBUG:py4j.java_gateway:Answer received: !yv
DEBUG:py4j.java_gateway:Command to send: r
u
PythonRDD
rj
e

DEBUG:py4j.java_gateway:Answer received: !ycorg.apache.spark.api.python.PythonRDD
DEBUG:py4j.java_gateway:Command to send: c
o30
rdd
e

DEBUG:py4j.java_gateway:Answer received: !yro37
DEBUG:py4j.java_gateway:Command to send: i
org.apache.spark.api.python.PythonRDD
ro37
ro36
bFalse
e

DEBUG:py4j.java_gateway:Answer received: !yro38
DEBUG:py4j.java_gateway:Command to send: c
o38
asJavaRDD
e

DEBUG:py4j.java_gateway:Answer received: !yro39
DEBUG:py4j.java_gateway:Command to send: i
java.util.ArrayList
e

DEBUG:py4j.java_gateway:Answer received: !ylo40
DEBUG:py4j.java_gateway:Command to send: c
o40
add
i0
e

DEBUG:py4j.java_gateway:Answer received: !ybtrue
DEBUG:py4j.java_gateway:Command to send: c
z:org.apache.spark.api.python.PythonRDD
runJob
ro32
ro39
ro40
e

DEBUG:py4j.java_gateway:Answer received: !yi36314
DEBUG:py4j.java_gateway:Command to send: m
d
o40
e

DEBUG:py4j.java_gateway:Answer received: !yv
DEBUG:py4j.java_gateway:Command to send: r
u
SerDeUtil
rj
e

DEBUG:py4j.java_gateway:Answer received: !ycorg.apache.spark.api.python.SerDeUtil
DEBUG:py4j.java_gateway:Command to send: r
m
org.apache.spark.api.python.SerDeUtil
toJavaArray
e

DEBUG:py4j.java_gateway:Answer received: !ym
DEBUG:py4j.java_gateway:Command to send: r
u
SerDeUtil
rj
e

DEBUG:py4j.java_gateway:Answer received: !ycorg.apache.spark.api.python.SerDeUtil
DEBUG:py4j.java_gateway:Command to send: r
m
org.apache.spark.api.python.SerDeUtil
pythonToJava
e

DEBUG:py4j.java_gateway:Answer received: !ym
DEBUG:py4j.java_gateway:Command to send: r
u
PythonFunction
rj
e

DEBUG:py4j.java_gateway:Answer received: !ycorg.apache.spark.api.python.PythonFunction
DEBUG:py4j.java_gateway:Command to send: i
java.util.HashMap
e

DEBUG:py4j.java_gateway:Answer received: !yao41
DEBUG:py4j.java_gateway:Command to send: c
o41
put
sPYTHONHASHSEED
s0
e

DEBUG:py4j.java_gateway:Answer received: !yn
DEBUG:py4j.java_gateway:Command to send: i
java.util.ArrayList
e

DEBUG:py4j.java_gateway:Answer received: !ylo42
DEBUG:py4j.java_gateway:Command to send: i
java.util.ArrayList
e

DEBUG:py4j.java_gateway:Answer received: !ylo43
DEBUG:py4j.java_gateway:Command to send: i
org.apache.spark.api.python.PythonFunction
jgAIoY3B5c3BhcmsuY2xvdWRwaWNrbGUKX2ZpbGxfZnVuY3Rpb24KcQAoY3B5c3BhcmsuY2xvdWRwaWNrbGUKX21ha2Vfc2tlbF9mdW5jCnEBY3B5c3BhcmsuY2xvdWRwaWNrbGUKX2J1aWx0aW5fdHlwZQpxAlgIAAAAQ29kZVR5cGVxA4VxBFJxBShLAksASwJLBUsTY19jb2RlY3MKZW5jb2RlCnEGWBoAAADCiAAAfAAAwogBAHwAAHwBAMKDAgDCgwIAU3EHWAYAAABsYXRpbjFxCIZxCVJxCk6FcQspWAUAAABzcGxpdHEMWAgAAABpdGVyYXRvcnENhnEOWEUAAAAvaG9tZS90dXRuNi9EZXNrdG9wL3NwYXJrLTIuMi4wL3B5dGhvbi9saWIvcHlzcGFyay56aXAvcHlzcGFyay9yZGQucHlxD1gNAAAAcGlwZWxpbmVfZnVuY3EQTXYJaAZYAgAAAAABcRFoCIZxElJxE1gEAAAAZnVuY3EUWAkAAABwcmV2X2Z1bmNxFYZxFil0cRdScRhdcRkoaAAoaAFoBShLAksASwJLA0sTaAZYDwAAAHQAAMKIAAB8AQDCgwIAU3EaaAiGcRtScRxOhXEdWAMAAABtYXBxHoVxH1gBAAAAX3EgaA2GcSFoD2gUTT0BaAZYAgAAAAABcSJoCIZxI1JxJFgBAAAAZnElhXEmKXRxJ1JxKF1xKWgCWAoAAABNZXRob2RUeXBlcSqFcStScSxoAChoAWgFKEsCSwBLAksFSwNoBlj7AQAAwogBAGQAAGsIAHIQAGQAAFN8AABqAAByw6MAdAEAwogBAHQCAMKDAgByVAB0AwDChwEAZgEAZAEAZAIAwoYAAHQEAHwAAGoFAHwAAGoGAMKDAgBEwoMBAMKDAQBTdAEAwogBAHQDAHQHAGYCAMKDAgBywowAdAMAZAMAZAIAwoQAAHQEAHwAAGoGAMKIAQDCgwIARMKDAQDCgwEAU3QIAMKIAQBkBADCgwIAcsOQAMKIAQBqCQDCiQAAdAMAwocAAGYBAGQFAGQCAMKGAAB0BAB8AABqBQB8AABqBgDCgwIARMKDAQDCgwEAU3QKAGQGAMKIAQAWwoMBAMKCAQBuw5cAdAEAwogBAHQCAMKDAgByEgF0AwDChwEAZgEAZAcAZAIAwoYAAHwAAGoFAETCgwEAwoMBAFN0AQDCiAEAdAsAwoMCAHJTAXQMAMKIAQBkCABkCQDCgwMAclMBdAMAwocBAGYBAGQKAGQCAMKGAAB8AABqBQBEwoMBAMKDAQBTdAEAwogBAHQHAHQDAGYCAMKDAgBycgF0AwDCiAEAwoMBAFN0CADCiAEAZAQAwoMCAHLCqgHCiAEAagkAwokAAHQDAMKHAABmAQBkCwBkAgDChgAAfAAAagUARMKDAQDCgwEAU3QKAGQGAMKIAQAWwoMBAMKCAQBkAABTcS1oCIZxLlJxLyhOaAUoSwFLAEsDSwRLM2gGWDAAAAB8AABdIwBcAgB9AQB9AgB8AgBqAADCiAAAagEAfAEAwoMBAMKDAQBWAXEDAGQAAFNxMGgIhnExUnEyToVxM1gKAAAAdG9JbnRlcm5hbHE0WAMAAABnZXRxNYZxNlgCAAAALjBxN1gBAAAAbnE4aCWHcTlYSwAAAC9ob21lL3R1dG42L0Rlc2t0b3Avc3BhcmstMi4yLjAvcHl0aG9uL2xpYi9weXNwYXJrLnppcC9weXNwYXJrL3NxbC90eXBlcy5weXE6WAkAAAA8Z2VuZXhwcj5xO00+AmgGWAIAAAAGAHE8aAiGcT1ScT5YAwAAAG9ianE/hXFAKXRxQVJxQlgoAAAAU3RydWN0VHlwZS50b0ludGVybmFsLjxsb2NhbHM+LjxnZW5leHByPnFDaAUoSwFLAEsDSwNLc2gGWCUAAAB8AABdGgBcAgB9AQB9AgB8AQBqAAB8AgDCgwEAVgFxAwBkAABTcURoCIZxRVJxRk6FcUdoNIVxSGg3aCVYAQAAAHZxSYdxSmg6aDtNQAJoBlgCAAAABgBxS2gIhnFMUnFNKSl0cU5ScU9YCAAAAF9fZGljdF9fcVBoBShLAUsASwNLBEszaAZYMAAAAHwAAF0jAFwCAH0BAH0CAHwCAGoAAMKIAABqAQB8AQDCgwEAwoMBAFYBcQMAZAAAU3FRaAiGcVJScVNOhXFUaDRoNYZxVWg3aDhoJYdxVmg6aDtNQwJoBlgCAAAABgBxV2gIhnFYUnFZWAEAAABkcVqFcVspdHFcUnFdWCMAAABVbmV4cGVjdGVkIHR1cGxlICVyIHdpdGggU3RydWN0VHlwZXFeaAUoSwFLAEsCSwNLM2gGWCAAAAB8AABdFAB9AQDCiAAAagAAfAEAwoMBAFYBcQMAZAAAU3FfaAiGcWBScWFOhXFiaDWFcWNoN2g4hnFkaDpoO01IAmgGWAIAAAAGAHFlaAiGcWZScWdoP4VxaCl0cWlScWpYDQAAAF9fZnJvbV9kaWN0X19xa4loBShLAUsASwJLA0szaAZYGgAAAHwAAF0PAH0BAMKIAAB8AQAZVgFxAwBkAABTcWxoCIZxbVJxbk6FcW8paDdoOIZxcGg6aDtNSgJoBlgCAAAABgBxcWgIhnFyUnFzaD+FcXQpdHF1UnF2aAUoSwFLAEsCSwNLM2gGWCAAAAB8AABdFAB9AQDCiAAAagAAfAEAwoMBAFYBcQMAZAAAU3F3aAiGcXhScXlOhXF6aDWFcXtoN2g4hnF8aDpoO01PAmgGWAIAAAAGAHF9aAiGcX5ScX9oWoVxgCl0cYFScYJ0cYMoWBYAAABfbmVlZFNlcmlhbGl6ZUFueUZpZWxkcYRYCgAAAGlzaW5zdGFuY2VxhVgEAAAAZGljdHGGWAUAAAB0dXBsZXGHWAMAAAB6aXBxiFgFAAAAbmFtZXNxiVgGAAAAZmllbGRzcYpYBAAAAGxpc3Rxi1gHAAAAaGFzYXR0cnGMaFBYCgAAAFZhbHVlRXJyb3JxjVgDAAAAUm93cY5YBwAAAGdldGF0dHJxj3RxkFgEAAAAc2VsZnGRaD+GcZJoOmg0TTgCaAZYKgAAAAABDAEEAgkBDwEsARUBIwEPAQkBLAITAg8BIAEhASABFQEKAQ8BCQEgAnGTaAiGcZRScZUpaFpoP4ZxlnRxl1JxmF1xmX1xmodxm1JxnH1xnWiOY3B5c3Bhcmsuc3FsLnR5cGVzClJvdwpxnnNOfXGfWBEAAABweXNwYXJrLnNxbC50eXBlc3GgdFJjcHlzcGFyay5zcWwudHlwZXMKU3RydWN0VHlwZQpxoSmBcaJ9caMoaIpdcaQoY3B5c3Bhcmsuc3FsLnR5cGVzClN0cnVjdEZpZWxkCnGlKYFxpn1xpyhYCAAAAGRhdGFUeXBlcahjcHlzcGFyay5zcWwudHlwZXMKU3RyaW5nVHlwZQpxqSmBcapYBAAAAG5hbWVxq1gIAAAAbW92aWVfaWRxrFgIAAAAbWV0YWRhdGFxrX1xrlgIAAAAbnVsbGFibGVxr4h1YmilKYFxsH1xsShoqGNweXNwYXJrLnNxbC50eXBlcwpMb25nVHlwZQpxsimBcbNoq1gLAAAAbW92aWVfaW5kZXhxtGitfXG1aK+IdWJlaIldcbYoaKxotGVohIl1YoZxt1JxuGF9cbmHcbpScbt9cbxOfXG9WAsAAABweXNwYXJrLnJkZHG+dFJoAChoAWgYXXG/KGgAKGgBaChdccBoAChoAWgFKEsBSwBLAUsFSxNoBlgMAQAAfAAAZAAAawgAchAAZAAAU3QAAHwAAHQBAHQCAGYCAMKDAgByWADCiAEAcksAdAEAZAEAZAIAwoQAAHQDAHwAAMKIAgDCgwIARMKDAQDCgwEAU3QBAHwAAMKDAQBTbgAAdAAAfAAAdAQAwoMCAHJwAHwAAMKJAABuMQB0BQB8AABkAwDCgwIAcsKLAHwAAGoGAMKJAABuFgB0BwBkBAB0CAB8AADCgwEAFsKDAQDCggEAwogBAHLDjQB0AQDChwAAZgEAZAUAZAYAwoYAAHQDAMKIAwDCiAIAwoMCAETCgwEAwoMBAFN0AQDChwAAZgEAZAcAZAYAwoYAAMKIAwBEwoMBAMKDAQBTZAAAU3HBaAiGccJSccMoTmgFKEsBSwBLA0sDS3NoBlgiAAAAfAAAXRcAXAIAfQEAfQIAfAIAfAEAwoMBAFYBcQMAZAAAU3HEaAiGccVSccZOhXHHKWg3aElYBAAAAGNvbnZxyIdxyWg6aDtNPQRoBlgCAAAABgBxymgIhnHLUnHMKSl0cc1Scc5YPAAAAF9jcmVhdGVfY29udmVydGVyLjxsb2NhbHM+LmNvbnZlcnRfc3RydWN0Ljxsb2NhbHM+LjxnZW5leHByPnHPaFBYFwAAAFVuZXhwZWN0ZWQgb2JqIHR5cGU6ICVzcdBoBShLAUsASwNLBUsTaAZYLwAAAGcAAHwAAF0hAFwCAH0BAH0CAHwCAMKIAABqAAB8AQDCgwEAwoMBAMKRAgBxBgBTcdFoCIZx0lJx0yloNYVx1Gg3aKtoyIdx1Wg6WAoAAAA8bGlzdGNvbXA+cdZNSQRoBlgCAAAACQBx12gIhnHYUnHZaFqFcdopdHHbUnHcWD0AAABfY3JlYXRlX2NvbnZlcnRlci48bG9jYWxzPi5jb252ZXJ0X3N0cnVjdC48bG9jYWxzPi48bGlzdGNvbXA+cd1oBShLAUsASwJLBEsTaAZYIgAAAGcAAHwAAF0VAH0BAMKIAABqAAB8AQDCgwEAwpECAHEGAFNx3mgIhnHfUnHgKWg1hXHhaDdoq4Zx4mg6aNZNSwRoBlgCAAAACQBx42gIhnHkUnHlaFqFceYpdHHnUnHodHHpKGiFaIdoi2iIaIZojGhQWAkAAABUeXBlRXJyb3Jx6lgEAAAAdHlwZXHrdHHsaD+Fce1oOlgOAAAAY29udmVydF9zdHJ1Y3Rx7k03BGgGWBwAAAAAAQwBBAIVAQYBIAINAg8BCQEPAQwCFgIGASYCce9oCIZx8FJx8VgOAAAAY29udmVydF9maWVsZHNx8lgKAAAAY29udmVydGVyc3HzaImHcfRoWoVx9XRx9lJx911x+CiJXXH5KGgAKGgBaAUoSwFLAEsBSwFLU2gGWAQAAAB8AABTcfpoCIZx+1Jx/E6Fcf0pWAEAAAB4cf6Fcf9oOlgIAAAAPGxhbWJkYT5yAAEAAE0hBGNfX2J1aWx0aW5fXwpieXRlcwpyAQEAAClScgIBAAApKXRyAwEAAFJyBAEAAF1yBQEAAGiah3IGAQAAUnIHAQAAfXIIAQAATn1yCQEAAGigdFJoAChoAWoEAQAAXXIKAQAAaJqHcgsBAABScgwBAAB9cg0BAABOfXIOAQAAaKB0UmVdcg8BAAAoaKxotGVlaJqHchABAABSchEBAAB9chIBAABOfXITAQAAaKB0UmFouYdyFAEAAFJyFQEAAH1yFgEAAE59chcBAABovnRSaAAoaAFoGF1yGAEAAChoAChoAWgoXXIZAQAAaAAoaAFoBShLAUsASwFLAUtTaAZYBAAAAHwAAFNyGgEAAGgIhnIbAQAAUnIcAQAAToVyHQEAACloP4VyHgEAAFhNAAAAL2hvbWUvdHV0bjYvRGVza3RvcC9zcGFyay0yLjIuMC9weXRob24vbGliL3B5c3BhcmsuemlwL3B5c3Bhcmsvc3FsL3Nlc3Npb24ucHlyHwEAAGoAAQAATRQCagEBAAApUnIgAQAAKSl0ciEBAABSciIBAABdciMBAAB9ciQBAACHciUBAABSciYBAAB9cicBAABOfXIoAQAAWBMAAABweXNwYXJrLnNxbC5zZXNzaW9ucikBAAB0UmFouYdyKgEAAFJyKwEAAH1yLAEAAE59ci0BAABovnRSaAAoaAFoKF1yLgEAAGgAKGgBaAUoSwFLAEsBSwdLU2gGWCoAAAB0AABkAQB0AQB8AABkAgAZwoMBAGQDAHQCAHwAAGQEABnCgwEAwoMAAlNyLwEAAGgIhnIwAQAAUnIxAQAAKE5YCwAAAG1vdmllX2luZGV4cjIBAABLAFgIAAAAbW92aWVfaWRyMwEAAEsBdHI0AQAAaI5YAwAAAGludHI1AQAAWAMAAABzdHJyNgEAAIdyNwEAAGj+hXI4AQAAWFwAAAAvaG9tZS90dXRuNi9EZXNrdG9wL2VuZ2luZV9yZWNvbW1lbmRhdGlvbi5naXQvdHJ1bmsvcmVjb21tZW5kYXRpb25fZW5naW5lL3doYXRfaXNfcG9wdWxhci5weXI5AQAAagABAABLMmoBAQAAKVJyOgEAACkpdHI7AQAAUnI8AQAAXXI9AQAAfXI+AQAAh3I/AQAAUnJAAQAAfXJBAQAAaI5onnNOfXJCAQAAWAgAAABfX21haW5fX3JDAQAAdFJhaLmHckQBAABSckUBAAB9ckYBAABOfXJHAQAAaL50UmVouYdySAEAAFJySQEAAH1ySgEAAE59cksBAABovnRSZWi5h3JMAQAAUnJNAQAAfXJOAQAATn1yTwEAAGi+dFJlaLmHclABAABSclEBAAB9clIBAABOfXJTAQAAaL50Uk5jcHlzcGFyay5zZXJpYWxpemVycwpCYXRjaGVkU2VyaWFsaXplcgpyVAEAACmBclUBAAB9clYBAAAoWAkAAABiYXRjaFNpemVyVwEAAEr/////WAoAAABzZXJpYWxpemVyclgBAABjcHlzcGFyay5zZXJpYWxpemVycwpQaWNrbGVTZXJpYWxpemVyCnJZAQAAKYFyWgEAAH1yWwEAAFgTAAAAX29ubHlfd3JpdGVfc3RyaW5nc3JcAQAAiXNidWJjcHlzcGFyay5zZXJpYWxpemVycwpBdXRvQmF0Y2hlZFNlcmlhbGl6ZXIKcl0BAAApgXJeAQAAfXJfAQAAKGpXAQAASwBqWAEAAGpZAQAAKYFyYAEAAH1yYQEAAGpcAQAAiXNiWAgAAABiZXN0U2l6ZXJiAQAASgAAAQB1YnRyYwEAAC4=
ro41
ro42
spython3.4
s3.4
ro43
ro14
e

DEBUG:py4j.java_gateway:Answer received: !yro44
DEBUG:py4j.java_gateway:Command to send: m
d
o41
e

DEBUG:py4j.java_gateway:Answer received: !yv
DEBUG:py4j.java_gateway:Command to send: m
d
o42
e

DEBUG:py4j.java_gateway:Answer received: !yv
DEBUG:py4j.java_gateway:Command to send: m
d
o43
e

DEBUG:py4j.java_gateway:Answer received: !yv
DEBUG:py4j.java_gateway:Command to send: r
u
PythonRDD
rj
e

DEBUG:py4j.java_gateway:Answer received: !ycorg.apache.spark.api.python.PythonRDD
DEBUG:py4j.java_gateway:Command to send: c
o30
rdd
e

DEBUG:py4j.java_gateway:Answer received: !yro45
DEBUG:py4j.java_gateway:Command to send: i
org.apache.spark.api.python.PythonRDD
ro45
ro44
bFalse
e

DEBUG:py4j.java_gateway:Answer received: !yro46
DEBUG:py4j.java_gateway:Command to send: c
o46
asJavaRDD
e

DEBUG:py4j.java_gateway:Answer received: !yro47
DEBUG:py4j.java_gateway:Command to send: c
z:org.apache.spark.api.python.SerDeUtil
pythonToJava
ro47
bTrue
e

DEBUG:py4j.java_gateway:Answer received: !yro48
DEBUG:py4j.java_gateway:Command to send: c
z:org.apache.spark.api.python.SerDeUtil
toJavaArray
ro48
e

DEBUG:py4j.java_gateway:Answer received: !yro49
DEBUG:py4j.java_gateway:Command to send: c
o49
rdd
e

DEBUG:py4j.java_gateway:Answer received: !yro50
DEBUG:py4j.java_gateway:Command to send: c
o21
applySchemaToPythonRDD
ro50
s{"fields":[{"metadata":{},"name":"movie_id","nullable":true,"type":"string"},{"metadata":{},"name":"movie_index","nullable":true,"type":"long"}],"type":"struct"}
e

DEBUG:py4j.java_gateway:Answer received: !yro51
DEBUG:py4j.java_gateway:Command to send: c
o51
showString
i20
i20
e

DEBUG:py4j.java_gateway:Answer received: !ys+---------+-----------+\n| movie_id|movie_index|\n+---------+-----------+\n|tt2221420|          1|\n|tt3155794|          2|\n|tt5459794|          3|\n|tt6021284|          4|\n|tt4882376|          5|\n|tt0466876|          6|\n|tt2116898|          7|\n|tt1396484|          8|\n|tt2861424|          9|\n|tt4550098|         10|\n|tt2404435|         11|\n|tt1344204|         12|\n|tt1492966|         13|\n|tt2712740|         14|\n|tt1608180|         15|\n|tt2710394|         16|\n|tt1325004|         17|\n|tt1800241|         18|\n|tt1104001|         19|\n|tt1261945|         20|\n+---------+-----------+\nonly showing top 20 rows\n
DEBUG:py4j.java_gateway:Command to send: c
o22
read
e

DEBUG:py4j.java_gateway:Answer received: !yro52
DEBUG:py4j.java_gateway:Command to send: r
u
PythonUtils
rj
e

DEBUG:py4j.java_gateway:Answer received: !ycorg.apache.spark.api.python.PythonUtils
DEBUG:py4j.java_gateway:Command to send: r
m
org.apache.spark.api.python.PythonUtils
toSeq
e

DEBUG:py4j.java_gateway:Answer received: !ym
DEBUG:py4j.java_gateway:Command to send: i
java.util.ArrayList
e

DEBUG:py4j.java_gateway:Answer received: !ylo53
DEBUG:py4j.java_gateway:Command to send: c
o53
add
smeta-data/ratings_20.txt
e

DEBUG:py4j.java_gateway:Answer received: !ybtrue
DEBUG:py4j.java_gateway:Command to send: c
z:org.apache.spark.api.python.PythonUtils
toSeq
ro53
e

DEBUG:py4j.java_gateway:Answer received: !yro54
DEBUG:py4j.java_gateway:Command to send: m
d
o53
e

DEBUG:py4j.java_gateway:Answer received: !yv
DEBUG:py4j.java_gateway:Command to send: c
o52
text
ro54
e

DEBUG:py4j.java_gateway:Answer received: !yro55
DEBUG:py4j.java_gateway:Command to send: c
o55
javaToPython
e

DEBUG:py4j.java_gateway:Answer received: !yro56
DEBUG:py4j.java_gateway:Command to send: c
o56
id
e

DEBUG:py4j.java_gateway:Answer received: !yi22
DEBUG:py4j.java_gateway:Command to send: c
o56
partitions
e

DEBUG:py4j.java_gateway:Answer received: !ylo57
DEBUG:py4j.java_gateway:Command to send: c
o57
size
e

DEBUG:py4j.java_gateway:Answer received: !yi4
DEBUG:py4j.java_gateway:Command to send: r
u
PythonRDD
rj
e

DEBUG:py4j.java_gateway:Answer received: !ycorg.apache.spark.api.python.PythonRDD
DEBUG:py4j.java_gateway:Command to send: r
m
org.apache.spark.api.python.PythonRDD
runJob
e

DEBUG:py4j.java_gateway:Answer received: !ym
DEBUG:py4j.java_gateway:Command to send: c
o11
sc
e

DEBUG:py4j.java_gateway:Answer received: !yro58
DEBUG:py4j.java_gateway:Command to send: m
d
o36
e

DEBUG:py4j.java_gateway:Answer received: !yv
DEBUG:py4j.java_gateway:Command to send: m
d
o37
e

DEBUG:py4j.java_gateway:Answer received: !yv
DEBUG:py4j.java_gateway:Command to send: m
d
o38
e

DEBUG:py4j.java_gateway:Answer received: !yv
DEBUG:py4j.java_gateway:Command to send: m
d
o39
e

DEBUG:py4j.java_gateway:Answer received: !yv
DEBUG:py4j.java_gateway:Command to send: m
d
o44
e

DEBUG:py4j.java_gateway:Answer received: !yv
DEBUG:py4j.java_gateway:Command to send: m
d
o45
e

DEBUG:py4j.java_gateway:Answer received: !yv
DEBUG:py4j.java_gateway:Command to send: m
d
o46
e

DEBUG:py4j.java_gateway:Answer received: !yv
DEBUG:py4j.java_gateway:Command to send: m
d
o47
e

DEBUG:py4j.java_gateway:Answer received: !yv
DEBUG:py4j.java_gateway:Command to send: m
d
o48
e

DEBUG:py4j.java_gateway:Answer received: !yv
DEBUG:py4j.java_gateway:Command to send: m
d
o49
e

DEBUG:py4j.java_gateway:Answer received: !yv
DEBUG:py4j.java_gateway:Command to send: m
d
o50
e

DEBUG:py4j.java_gateway:Answer received: !yv
DEBUG:py4j.java_gateway:Command to send: m
d
o52
e

DEBUG:py4j.java_gateway:Answer received: !yv
DEBUG:py4j.java_gateway:Command to send: m
d
o54
e

DEBUG:py4j.java_gateway:Answer received: !yv
DEBUG:py4j.java_gateway:Command to send: m
d
o55
e

DEBUG:py4j.java_gateway:Answer received: !yv
DEBUG:py4j.java_gateway:Command to send: m
d
o57
e

DEBUG:py4j.java_gateway:Answer received: !yv
DEBUG:py4j.java_gateway:Command to send: r
u
PythonFunction
rj
e

DEBUG:py4j.java_gateway:Answer received: !ycorg.apache.spark.api.python.PythonFunction
DEBUG:py4j.java_gateway:Command to send: i
java.util.HashMap
e

DEBUG:py4j.java_gateway:Answer received: !yao59
DEBUG:py4j.java_gateway:Command to send: c
o59
put
sPYTHONHASHSEED
s0
e

DEBUG:py4j.java_gateway:Answer received: !yn
DEBUG:py4j.java_gateway:Command to send: i
java.util.ArrayList
e

DEBUG:py4j.java_gateway:Answer received: !ylo60
DEBUG:py4j.java_gateway:Command to send: i
java.util.ArrayList
e

DEBUG:py4j.java_gateway:Answer received: !ylo61
DEBUG:py4j.java_gateway:Command to send: i
org.apache.spark.api.python.PythonFunction
jgAIoY3B5c3BhcmsuY2xvdWRwaWNrbGUKX2ZpbGxfZnVuY3Rpb24KcQAoY3B5c3BhcmsuY2xvdWRwaWNrbGUKX21ha2Vfc2tlbF9mdW5jCnEBY3B5c3BhcmsuY2xvdWRwaWNrbGUKX2J1aWx0aW5fdHlwZQpxAlgIAAAAQ29kZVR5cGVxA4VxBFJxBShLAksASwJLBUsTY19jb2RlY3MKZW5jb2RlCnEGWBoAAADCiAAAfAAAwogBAHwAAHwBAMKDAgDCgwIAU3EHWAYAAABsYXRpbjFxCIZxCVJxCk6FcQspWAUAAABzcGxpdHEMWAgAAABpdGVyYXRvcnENhnEOWEUAAAAvaG9tZS90dXRuNi9EZXNrdG9wL3NwYXJrLTIuMi4wL3B5dGhvbi9saWIvcHlzcGFyay56aXAvcHlzcGFyay9yZGQucHlxD1gNAAAAcGlwZWxpbmVfZnVuY3EQTXYJaAZYAgAAAAABcRFoCIZxElJxE1gEAAAAZnVuY3EUWAkAAABwcmV2X2Z1bmNxFYZxFil0cRdScRhdcRkoaAAoaAFoBShLAksASwJLAksTaAZYDAAAAMKIAAB8AQDCgwEAU3EaaAiGcRtScRxOhXEdKVgBAAAAc3EeaA2GcR9oD2gUTVkBaAZYAgAAAAABcSBoCIZxIVJxIlgBAAAAZnEjhXEkKXRxJVJxJl1xJ2gAKGgBaAUoSwFLAEsCSwJLM2gGWEEAAAB0AAB8AADCgwEAfQAAZAEAfQEAeCUAfAEAwogAAGsAAHI5AHQBAHwAAMKDAQBWAXwBAGQCADd9AQBxFQBXZAAAU3EoaAiGcSlScSpOSwBLAYdxK1gEAAAAaXRlcnEsWAQAAABuZXh0cS2GcS5oDVgFAAAAdGFrZW5xL4ZxMGgPWA8AAAB0YWtlVXBUb051bUxlZnRxMU03BWgGWAoAAAAAAQwBBgEPAQsBcTJoCIZxM1JxNFgEAAAAbGVmdHE1hXE2KXRxN1JxOF1xOUsBYX1xOodxO1JxPH1xPU59cT5YCwAAAHB5c3BhcmsucmRkcT90UmFoOodxQFJxQX1xQk59cUNoP3RSaAAoaAFoGF1xRChoAChoAWgFKEsCSwBLAksDSxNoBlgPAAAAdAAAwogAAHwBAMKDAgBTcUVoCIZxRlJxR06FcUhYAwAAAG1hcHFJhXFKWAEAAABfcUtoDYZxTGgPaBRNPQFoBlgCAAAAAAFxTWgIhnFOUnFPaCOFcVApdHFRUnFSXXFTaAAoaAFoBShLAUsASwFLAUtTaAZYBAAAAHwAAFNxVGgIhnFVUnFWToVxVylYAwAAAG9ianFYhXFZWE0AAAAvaG9tZS90dXRuNi9EZXNrdG9wL3NwYXJrLTIuMi4wL3B5dGhvbi9saWIvcHlzcGFyay56aXAvcHlzcGFyay9zcWwvc2Vzc2lvbi5weXFaWAgAAAA8bGFtYmRhPnFbTRQCY19fYnVpbHRpbl9fCmJ5dGVzCnFcKVJxXSkpdHFeUnFfXXFgfXFhh3FiUnFjfXFkTn1xZVgTAAAAcHlzcGFyay5zcWwuc2Vzc2lvbnFmdFJhaDqHcWdScWh9cWlOfXFqaD90UmgAKGgBaBhdcWsoaAAoaAFoUl1xbGgAKGgBaAUoSwFLAEsBSwVLU2gGWB8AAAB0AABkAQB0AQB8AABkAgAZwoMBAGQDAGQCAMKDAAJTcW1oCIZxblJxbyhOWAsAAABtb3ZpZV9pbmRleHFwSwFYBQAAAGNvdW50cXF0cXJYAwAAAFJvd3FzWAMAAABpbnRxdIZxdVgBAAAAeHF2hXF3WFwAAAAvaG9tZS90dXRuNi9EZXNrdG9wL2VuZ2luZV9yZWNvbW1lbmRhdGlvbi5naXQvdHJ1bmsvcmVjb21tZW5kYXRpb25fZW5naW5lL3doYXRfaXNfcG9wdWxhci5weXF4aFtLN2hcKVJxeSkpdHF6UnF7XXF8fXF9h3F+UnF/fXGAaHNjcHlzcGFyay5zcWwudHlwZXMKUm93CnGBc059cYJYCAAAAF9fbWFpbl9fcYN0UmFoOodxhFJxhX1xhk59cYdoP3RSaAAoaAFoUl1xiGgAKGgBaAUoSwFLAEsBSwJLU2gGWBEAAAB8AABqAABqAQBkAQDCgwEAU3GJaAiGcYpScYtOWAEAAAAscYyGcY1YBQAAAHZhbHVlcY5oDIZxj1gDAAAAcm93cZCFcZFoeGhbSzZoXClScZIpKXRxk1JxlF1xlWh9h3GWUnGXfXGYTn1xmWiDdFJhaDqHcZpScZt9cZxOfXGdaD90UmVoOodxnlJxn31xoE59caFoP3RSZWg6h3GiUnGjfXGkTn1xpWg/dFJlaDqHcaZScad9cahOfXGpaD90Uk5jcHlzcGFyay5zZXJpYWxpemVycwpCYXRjaGVkU2VyaWFsaXplcgpxqimBcat9cawoWAkAAABiYXRjaFNpemVxrUr/////WAoAAABzZXJpYWxpemVyca5jcHlzcGFyay5zZXJpYWxpemVycwpQaWNrbGVTZXJpYWxpemVyCnGvKYFxsH1xsVgTAAAAX29ubHlfd3JpdGVfc3RyaW5nc3GyiXNidWJjcHlzcGFyay5zZXJpYWxpemVycwpBdXRvQmF0Y2hlZFNlcmlhbGl6ZXIKcbMpgXG0fXG1KGitSwBormivKYFxtn1xt2iyiXNiWAgAAABiZXN0U2l6ZXG4SgAAAQB1YnRxuS4=
ro59
ro60
spython3.4
s3.4
ro61
ro14
e

DEBUG:py4j.java_gateway:Answer received: !yro62
DEBUG:py4j.java_gateway:Command to send: m
d
o59
e

DEBUG:py4j.java_gateway:Answer received: !yv
DEBUG:py4j.java_gateway:Command to send: m
d
o60
e

DEBUG:py4j.java_gateway:Answer received: !yv
DEBUG:py4j.java_gateway:Command to send: m
d
o61
e

DEBUG:py4j.java_gateway:Answer received: !yv
DEBUG:py4j.java_gateway:Command to send: r
u
PythonRDD
rj
e

DEBUG:py4j.java_gateway:Answer received: !ycorg.apache.spark.api.python.PythonRDD
DEBUG:py4j.java_gateway:Command to send: c
o56
rdd
e

DEBUG:py4j.java_gateway:Answer received: !yro63
DEBUG:py4j.java_gateway:Command to send: i
org.apache.spark.api.python.PythonRDD
ro63
ro62
bFalse
e

DEBUG:py4j.java_gateway:Answer received: !yro64
DEBUG:py4j.java_gateway:Command to send: c
o64
asJavaRDD
e

DEBUG:py4j.java_gateway:Answer received: !yro65
DEBUG:py4j.java_gateway:Command to send: i
java.util.ArrayList
e

DEBUG:py4j.java_gateway:Answer received: !ylo66
DEBUG:py4j.java_gateway:Command to send: c
o66
add
i0
e

DEBUG:py4j.java_gateway:Answer received: !ybtrue
DEBUG:py4j.java_gateway:Command to send: c
z:org.apache.spark.api.python.PythonRDD
runJob
ro58
ro65
ro66
e

DEBUG:py4j.java_gateway:Answer received: !yi44509
DEBUG:py4j.java_gateway:Command to send: m
d
o66
e

DEBUG:py4j.java_gateway:Answer received: !yv
DEBUG:py4j.java_gateway:Command to send: r
u
SerDeUtil
rj
e

DEBUG:py4j.java_gateway:Answer received: !ycorg.apache.spark.api.python.SerDeUtil
DEBUG:py4j.java_gateway:Command to send: r
m
org.apache.spark.api.python.SerDeUtil
toJavaArray
e

DEBUG:py4j.java_gateway:Answer received: !ym
DEBUG:py4j.java_gateway:Command to send: r
u
SerDeUtil
rj
e

DEBUG:py4j.java_gateway:Answer received: !ycorg.apache.spark.api.python.SerDeUtil
DEBUG:py4j.java_gateway:Command to send: r
m
org.apache.spark.api.python.SerDeUtil
pythonToJava
e

DEBUG:py4j.java_gateway:Answer received: !ym
DEBUG:py4j.java_gateway:Command to send: r
u
PythonFunction
rj
e

DEBUG:py4j.java_gateway:Answer received: !ycorg.apache.spark.api.python.PythonFunction
DEBUG:py4j.java_gateway:Command to send: i
java.util.HashMap
e

DEBUG:py4j.java_gateway:Answer received: !yao67
DEBUG:py4j.java_gateway:Command to send: c
o67
put
sPYTHONHASHSEED
s0
e

DEBUG:py4j.java_gateway:Answer received: !yn
DEBUG:py4j.java_gateway:Command to send: i
java.util.ArrayList
e

DEBUG:py4j.java_gateway:Answer received: !ylo68
DEBUG:py4j.java_gateway:Command to send: i
java.util.ArrayList
e

DEBUG:py4j.java_gateway:Answer received: !ylo69
DEBUG:py4j.java_gateway:Command to send: i
org.apache.spark.api.python.PythonFunction
jgAIoY3B5c3BhcmsuY2xvdWRwaWNrbGUKX2ZpbGxfZnVuY3Rpb24KcQAoY3B5c3BhcmsuY2xvdWRwaWNrbGUKX21ha2Vfc2tlbF9mdW5jCnEBY3B5c3BhcmsuY2xvdWRwaWNrbGUKX2J1aWx0aW5fdHlwZQpxAlgIAAAAQ29kZVR5cGVxA4VxBFJxBShLAksASwJLBUsTY19jb2RlY3MKZW5jb2RlCnEGWBoAAADCiAAAfAAAwogBAHwAAHwBAMKDAgDCgwIAU3EHWAYAAABsYXRpbjFxCIZxCVJxCk6FcQspWAUAAABzcGxpdHEMWAgAAABpdGVyYXRvcnENhnEOWEUAAAAvaG9tZS90dXRuNi9EZXNrdG9wL3NwYXJrLTIuMi4wL3B5dGhvbi9saWIvcHlzcGFyay56aXAvcHlzcGFyay9yZGQucHlxD1gNAAAAcGlwZWxpbmVfZnVuY3EQTXYJaAZYAgAAAAABcRFoCIZxElJxE1gEAAAAZnVuY3EUWAkAAABwcmV2X2Z1bmNxFYZxFil0cRdScRhdcRkoaAAoaAFoBShLAksASwJLA0sTaAZYDwAAAHQAAMKIAAB8AQDCgwIAU3EaaAiGcRtScRxOhXEdWAMAAABtYXBxHoVxH1gBAAAAX3EgaA2GcSFoD2gUTT0BaAZYAgAAAAABcSJoCIZxI1JxJFgBAAAAZnElhXEmKXRxJ1JxKF1xKWgCWAoAAABNZXRob2RUeXBlcSqFcStScSxoAChoAWgFKEsCSwBLAksFSwNoBlj7AQAAwogBAGQAAGsIAHIQAGQAAFN8AABqAAByw6MAdAEAwogBAHQCAMKDAgByVAB0AwDChwEAZgEAZAEAZAIAwoYAAHQEAHwAAGoFAHwAAGoGAMKDAgBEwoMBAMKDAQBTdAEAwogBAHQDAHQHAGYCAMKDAgBywowAdAMAZAMAZAIAwoQAAHQEAHwAAGoGAMKIAQDCgwIARMKDAQDCgwEAU3QIAMKIAQBkBADCgwIAcsOQAMKIAQBqCQDCiQAAdAMAwocAAGYBAGQFAGQCAMKGAAB0BAB8AABqBQB8AABqBgDCgwIARMKDAQDCgwEAU3QKAGQGAMKIAQAWwoMBAMKCAQBuw5cAdAEAwogBAHQCAMKDAgByEgF0AwDChwEAZgEAZAcAZAIAwoYAAHwAAGoFAETCgwEAwoMBAFN0AQDCiAEAdAsAwoMCAHJTAXQMAMKIAQBkCABkCQDCgwMAclMBdAMAwocBAGYBAGQKAGQCAMKGAAB8AABqBQBEwoMBAMKDAQBTdAEAwogBAHQHAHQDAGYCAMKDAgBycgF0AwDCiAEAwoMBAFN0CADCiAEAZAQAwoMCAHLCqgHCiAEAagkAwokAAHQDAMKHAABmAQBkCwBkAgDChgAAfAAAagUARMKDAQDCgwEAU3QKAGQGAMKIAQAWwoMBAMKCAQBkAABTcS1oCIZxLlJxLyhOaAUoSwFLAEsDSwRLM2gGWDAAAAB8AABdIwBcAgB9AQB9AgB8AgBqAADCiAAAagEAfAEAwoMBAMKDAQBWAXEDAGQAAFNxMGgIhnExUnEyToVxM1gKAAAAdG9JbnRlcm5hbHE0WAMAAABnZXRxNYZxNlgCAAAALjBxN1gBAAAAbnE4aCWHcTlYSwAAAC9ob21lL3R1dG42L0Rlc2t0b3Avc3BhcmstMi4yLjAvcHl0aG9uL2xpYi9weXNwYXJrLnppcC9weXNwYXJrL3NxbC90eXBlcy5weXE6WAkAAAA8Z2VuZXhwcj5xO00+AmgGWAIAAAAGAHE8aAiGcT1ScT5YAwAAAG9ianE/hXFAKXRxQVJxQlgoAAAAU3RydWN0VHlwZS50b0ludGVybmFsLjxsb2NhbHM+LjxnZW5leHByPnFDaAUoSwFLAEsDSwNLc2gGWCUAAAB8AABdGgBcAgB9AQB9AgB8AQBqAAB8AgDCgwEAVgFxAwBkAABTcURoCIZxRVJxRk6FcUdoNIVxSGg3aCVYAQAAAHZxSYdxSmg6aDtNQAJoBlgCAAAABgBxS2gIhnFMUnFNKSl0cU5ScU9YCAAAAF9fZGljdF9fcVBoBShLAUsASwNLBEszaAZYMAAAAHwAAF0jAFwCAH0BAH0CAHwCAGoAAMKIAABqAQB8AQDCgwEAwoMBAFYBcQMAZAAAU3FRaAiGcVJScVNOhXFUaDRoNYZxVWg3aDhoJYdxVmg6aDtNQwJoBlgCAAAABgBxV2gIhnFYUnFZWAEAAABkcVqFcVspdHFcUnFdWCMAAABVbmV4cGVjdGVkIHR1cGxlICVyIHdpdGggU3RydWN0VHlwZXFeaAUoSwFLAEsCSwNLM2gGWCAAAAB8AABdFAB9AQDCiAAAagAAfAEAwoMBAFYBcQMAZAAAU3FfaAiGcWBScWFOhXFiaDWFcWNoN2g4hnFkaDpoO01IAmgGWAIAAAAGAHFlaAiGcWZScWdoP4VxaCl0cWlScWpYDQAAAF9fZnJvbV9kaWN0X19xa4loBShLAUsASwJLA0szaAZYGgAAAHwAAF0PAH0BAMKIAAB8AQAZVgFxAwBkAABTcWxoCIZxbVJxbk6FcW8paDdoOIZxcGg6aDtNSgJoBlgCAAAABgBxcWgIhnFyUnFzaD+FcXQpdHF1UnF2aAUoSwFLAEsCSwNLM2gGWCAAAAB8AABdFAB9AQDCiAAAagAAfAEAwoMBAFYBcQMAZAAAU3F3aAiGcXhScXlOhXF6aDWFcXtoN2g4hnF8aDpoO01PAmgGWAIAAAAGAHF9aAiGcX5ScX9oWoVxgCl0cYFScYJ0cYMoWBYAAABfbmVlZFNlcmlhbGl6ZUFueUZpZWxkcYRYCgAAAGlzaW5zdGFuY2VxhVgEAAAAZGljdHGGWAUAAAB0dXBsZXGHWAMAAAB6aXBxiFgFAAAAbmFtZXNxiVgGAAAAZmllbGRzcYpYBAAAAGxpc3Rxi1gHAAAAaGFzYXR0cnGMaFBYCgAAAFZhbHVlRXJyb3JxjVgDAAAAUm93cY5YBwAAAGdldGF0dHJxj3RxkFgEAAAAc2VsZnGRaD+GcZJoOmg0TTgCaAZYKgAAAAABDAEEAgkBDwEsARUBIwEPAQkBLAITAg8BIAEhASABFQEKAQ8BCQEgAnGTaAiGcZRScZUpaFpoP4ZxlnRxl1JxmF1xmX1xmodxm1JxnH1xnWiOY3B5c3Bhcmsuc3FsLnR5cGVzClJvdwpxnnNOfXGfWBEAAABweXNwYXJrLnNxbC50eXBlc3GgdFJjcHlzcGFyay5zcWwudHlwZXMKU3RydWN0VHlwZQpxoSmBcaJ9caMoaIpdcaQoY3B5c3Bhcmsuc3FsLnR5cGVzClN0cnVjdEZpZWxkCnGlKYFxpn1xpyhYCAAAAGRhdGFUeXBlcahjcHlzcGFyay5zcWwudHlwZXMKTG9uZ1R5cGUKcakpgXGqWAQAAABuYW1lcatYBQAAAGNvdW50caxYCAAAAG1ldGFkYXRhca19ca5YCAAAAG51bGxhYmxlca+IdWJopSmBcbB9cbEoaKhoqSmBcbJoq1gLAAAAbW92aWVfaW5kZXhxs2itfXG0aK+IdWJlaIldcbUoaKxos2VohIl1YoZxtlJxt2F9cbiHcblScbp9cbtOfXG8WAsAAABweXNwYXJrLnJkZHG9dFJoAChoAWgYXXG+KGgAKGgBaChdcb9oAChoAWgFKEsBSwBLAUsFSxNoBlgMAQAAfAAAZAAAawgAchAAZAAAU3QAAHwAAHQBAHQCAGYCAMKDAgByWADCiAEAcksAdAEAZAEAZAIAwoQAAHQDAHwAAMKIAgDCgwIARMKDAQDCgwEAU3QBAHwAAMKDAQBTbgAAdAAAfAAAdAQAwoMCAHJwAHwAAMKJAABuMQB0BQB8AABkAwDCgwIAcsKLAHwAAGoGAMKJAABuFgB0BwBkBAB0CAB8AADCgwEAFsKDAQDCggEAwogBAHLDjQB0AQDChwAAZgEAZAUAZAYAwoYAAHQDAMKIAwDCiAIAwoMCAETCgwEAwoMBAFN0AQDChwAAZgEAZAcAZAYAwoYAAMKIAwBEwoMBAMKDAQBTZAAAU3HAaAiGccFSccIoTmgFKEsBSwBLA0sDS3NoBlgiAAAAfAAAXRcAXAIAfQEAfQIAfAIAfAEAwoMBAFYBcQMAZAAAU3HDaAiGccRSccVOhXHGKWg3aElYBAAAAGNvbnZxx4dxyGg6aDtNPQRoBlgCAAAABgBxyWgIhnHKUnHLKSl0ccxScc1YPAAAAF9jcmVhdGVfY29udmVydGVyLjxsb2NhbHM+LmNvbnZlcnRfc3RydWN0Ljxsb2NhbHM+LjxnZW5leHByPnHOaFBYFwAAAFVuZXhwZWN0ZWQgb2JqIHR5cGU6ICVzcc9oBShLAUsASwNLBUsTaAZYLwAAAGcAAHwAAF0hAFwCAH0BAH0CAHwCAMKIAABqAAB8AQDCgwEAwoMBAMKRAgBxBgBTcdBoCIZx0VJx0iloNYVx02g3aKtox4dx1Gg6WAoAAAA8bGlzdGNvbXA+cdVNSQRoBlgCAAAACQBx1mgIhnHXUnHYaFqFcdkpdHHaUnHbWD0AAABfY3JlYXRlX2NvbnZlcnRlci48bG9jYWxzPi5jb252ZXJ0X3N0cnVjdC48bG9jYWxzPi48bGlzdGNvbXA+cdxoBShLAUsASwJLBEsTaAZYIgAAAGcAAHwAAF0VAH0BAMKIAABqAAB8AQDCgwEAwpECAHEGAFNx3WgIhnHeUnHfKWg1hXHgaDdoq4Zx4Wg6aNVNSwRoBlgCAAAACQBx4mgIhnHjUnHkaFqFceUpdHHmUnHndHHoKGiFaIdoi2iIaIZojGhQWAkAAABUeXBlRXJyb3Jx6VgEAAAAdHlwZXHqdHHraD+FcexoOlgOAAAAY29udmVydF9zdHJ1Y3Rx7U03BGgGWBwAAAAAAQwBBAIVAQYBIAINAg8BCQEPAQwCFgIGASYCce5oCIZx71Jx8FgOAAAAY29udmVydF9maWVsZHNx8VgKAAAAY29udmVydGVyc3HyaImHcfNoWoVx9HRx9VJx9l1x9yiJXXH4KGgAKGgBaAUoSwFLAEsBSwFLU2gGWAQAAAB8AABTcfloCIZx+lJx+06FcfwpWAEAAAB4cf2Fcf5oOlgIAAAAPGxhbWJkYT5x/00hBGNfX2J1aWx0aW5fXwpieXRlcwpyAAEAAClScgEBAAApKXRyAgEAAFJyAwEAAF1yBAEAAGiah3IFAQAAUnIGAQAAfXIHAQAATn1yCAEAAGigdFJoAChoAWoDAQAAXXIJAQAAaJqHcgoBAABScgsBAAB9cgwBAABOfXINAQAAaKB0UmVdcg4BAAAoaKxos2VlaJqHcg8BAABSchABAAB9chEBAABOfXISAQAAaKB0UmFouIdyEwEAAFJyFAEAAH1yFQEAAE59chYBAABovXRSaAAoaAFoGF1yFwEAAChoAChoAWgoXXIYAQAAaAAoaAFoBShLAUsASwFLAUtTaAZYBAAAAHwAAFNyGQEAAGgIhnIaAQAAUnIbAQAAToVyHAEAACloP4VyHQEAAFhNAAAAL2hvbWUvdHV0bjYvRGVza3RvcC9zcGFyay0yLjIuMC9weXRob24vbGliL3B5c3BhcmsuemlwL3B5c3Bhcmsvc3FsL3Nlc3Npb24ucHlyHgEAAGj/TRQCagABAAApUnIfAQAAKSl0ciABAABSciEBAABdciIBAAB9ciMBAACHciQBAABSciUBAAB9ciYBAABOfXInAQAAWBMAAABweXNwYXJrLnNxbC5zZXNzaW9ucigBAAB0UmFouIdyKQEAAFJyKgEAAH1yKwEAAE59ciwBAABovXRSaAAoaAFoGF1yLQEAAChoAChoAWgoXXIuAQAAaAAoaAFoBShLAUsASwFLBUtTaAZYHwAAAHQAAGQBAHQBAHwAAGQCABnCgwEAZAMAZAIAwoMAAlNyLwEAAGgIhnIwAQAAUnIxAQAAKE5YCwAAAG1vdmllX2luZGV4cjIBAABLAVgFAAAAY291bnRyMwEAAHRyNAEAAGiOWAMAAABpbnRyNQEAAIZyNgEAAGj9hXI3AQAAWFwAAAAvaG9tZS90dXRuNi9EZXNrdG9wL2VuZ2luZV9yZWNvbW1lbmRhdGlvbi5naXQvdHJ1bmsvcmVjb21tZW5kYXRpb25fZW5naW5lL3doYXRfaXNfcG9wdWxhci5weXI4AQAAaP9LN2oAAQAAKVJyOQEAACkpdHI6AQAAUnI7AQAAXXI8AQAAfXI9AQAAh3I+AQAAUnI/AQAAfXJAAQAAaI5onnNOfXJBAQAAWAgAAABfX21haW5fX3JCAQAAdFJhaLiHckMBAABSckQBAAB9ckUBAABOfXJGAQAAaL10UmgAKGgBaChdckcBAABoAChoAWgFKEsBSwBLAUsCS1NoBlgRAAAAfAAAagAAagEAZAEAwoMBAFNySAEAAGgIhnJJAQAAUnJKAQAATlgBAAAALHJLAQAAhnJMAQAAWAUAAAB2YWx1ZXJNAQAAaAyGck4BAABYAwAAAHJvd3JPAQAAhXJQAQAAajgBAABo/0s2agABAAApUnJRAQAAKSl0clIBAABSclMBAABdclQBAABqPQEAAIdyVQEAAFJyVgEAAH1yVwEAAE59clgBAABqQgEAAHRSYWi4h3JZAQAAUnJaAQAAfXJbAQAATn1yXAEAAGi9dFJlaLiHcl0BAABScl4BAAB9cl8BAABOfXJgAQAAaL10UmVouIdyYQEAAFJyYgEAAH1yYwEAAE59cmQBAABovXRSZWi4h3JlAQAAUnJmAQAAfXJnAQAATn1yaAEAAGi9dFJlaLiHcmkBAABScmoBAAB9cmsBAABOfXJsAQAAaL10Uk5jcHlzcGFyay5zZXJpYWxpemVycwpCYXRjaGVkU2VyaWFsaXplcgpybQEAACmBcm4BAAB9cm8BAAAoWAkAAABiYXRjaFNpemVycAEAAEr/////WAoAAABzZXJpYWxpemVycnEBAABjcHlzcGFyay5zZXJpYWxpemVycwpQaWNrbGVTZXJpYWxpemVyCnJyAQAAKYFycwEAAH1ydAEAAFgTAAAAX29ubHlfd3JpdGVfc3RyaW5nc3J1AQAAiXNidWJjcHlzcGFyay5zZXJpYWxpemVycwpBdXRvQmF0Y2hlZFNlcmlhbGl6ZXIKcnYBAAApgXJ3AQAAfXJ4AQAAKGpwAQAASwBqcQEAAGpyAQAAKYFyeQEAAH1yegEAAGp1AQAAiXNiWAgAAABiZXN0U2l6ZXJ7AQAASgAAAQB1YnRyfAEAAC4=
ro67
ro68
spython3.4
s3.4
ro69
ro14
e

DEBUG:py4j.java_gateway:Answer received: !yro70
DEBUG:py4j.java_gateway:Command to send: m
d
o67
e

DEBUG:py4j.java_gateway:Answer received: !yv
DEBUG:py4j.java_gateway:Command to send: m
d
o68
e

DEBUG:py4j.java_gateway:Answer received: !yv
DEBUG:py4j.java_gateway:Command to send: m
d
o69
e

DEBUG:py4j.java_gateway:Answer received: !yv
DEBUG:py4j.java_gateway:Command to send: r
u
PythonRDD
rj
e

DEBUG:py4j.java_gateway:Answer received: !ycorg.apache.spark.api.python.PythonRDD
DEBUG:py4j.java_gateway:Command to send: c
o56
rdd
e

DEBUG:py4j.java_gateway:Answer received: !yro71
DEBUG:py4j.java_gateway:Command to send: i
org.apache.spark.api.python.PythonRDD
ro71
ro70
bFalse
e

DEBUG:py4j.java_gateway:Answer received: !yro72
DEBUG:py4j.java_gateway:Command to send: c
o72
asJavaRDD
e

DEBUG:py4j.java_gateway:Answer received: !yro73
DEBUG:py4j.java_gateway:Command to send: c
z:org.apache.spark.api.python.SerDeUtil
pythonToJava
ro73
bTrue
e

DEBUG:py4j.java_gateway:Answer received: !yro74
DEBUG:py4j.java_gateway:Command to send: c
z:org.apache.spark.api.python.SerDeUtil
toJavaArray
ro74
e

DEBUG:py4j.java_gateway:Answer received: !yro75
DEBUG:py4j.java_gateway:Command to send: c
o75
rdd
e

DEBUG:py4j.java_gateway:Answer received: !yro76
DEBUG:py4j.java_gateway:Command to send: c
o21
applySchemaToPythonRDD
ro76
s{"fields":[{"metadata":{},"name":"count","nullable":true,"type":"long"},{"metadata":{},"name":"movie_index","nullable":true,"type":"long"}],"type":"struct"}
e

DEBUG:py4j.java_gateway:Answer received: !yro77
DEBUG:py4j.java_gateway:Command to send: r
u
functions
rj
e

DEBUG:py4j.java_gateway:Answer received: !ycorg.apache.spark.sql.functions
DEBUG:py4j.java_gateway:Command to send: r
m
org.apache.spark.sql.functions
col
e

DEBUG:py4j.java_gateway:Answer received: !ym
DEBUG:py4j.java_gateway:Command to send: c
z:org.apache.spark.sql.functions
col
smovie_index
e

DEBUG:py4j.java_gateway:Answer received: !yro78
DEBUG:py4j.java_gateway:Command to send: r
u
PythonUtils
rj
e

DEBUG:py4j.java_gateway:Answer received: !ycorg.apache.spark.api.python.PythonUtils
DEBUG:py4j.java_gateway:Command to send: r
m
org.apache.spark.api.python.PythonUtils
toSeq
e

DEBUG:py4j.java_gateway:Answer received: !ym
DEBUG:py4j.java_gateway:Command to send: i
java.util.ArrayList
e

DEBUG:py4j.java_gateway:Answer received: !ylo79
DEBUG:py4j.java_gateway:Command to send: c
o79
add
ro78
e

DEBUG:py4j.java_gateway:Answer received: !ybtrue
DEBUG:py4j.java_gateway:Command to send: c
z:org.apache.spark.api.python.PythonUtils
toSeq
ro79
e

DEBUG:py4j.java_gateway:Answer received: !yro80
DEBUG:py4j.java_gateway:Command to send: m
d
o79
e

DEBUG:py4j.java_gateway:Answer received: !yv
DEBUG:py4j.java_gateway:Command to send: c
o77
groupBy
ro80
e

DEBUG:py4j.java_gateway:Answer received: !yro81
DEBUG:py4j.java_gateway:Command to send: c
o81
count
e

DEBUG:py4j.java_gateway:Answer received: !yro82
DEBUG:py4j.java_gateway:Command to send: r
u
functions
rj
e

DEBUG:py4j.java_gateway:Answer received: !ycorg.apache.spark.sql.functions
DEBUG:py4j.java_gateway:Command to send: r
m
org.apache.spark.sql.functions
col
e

DEBUG:py4j.java_gateway:Answer received: !ym
DEBUG:py4j.java_gateway:Command to send: c
z:org.apache.spark.sql.functions
col
scount
e

DEBUG:py4j.java_gateway:Answer received: !yro83
DEBUG:py4j.java_gateway:Command to send: c
o83
desc
e

DEBUG:py4j.java_gateway:Answer received: !yro84
DEBUG:py4j.java_gateway:Command to send: r
u
PythonUtils
rj
e

DEBUG:py4j.java_gateway:Answer received: !ycorg.apache.spark.api.python.PythonUtils
DEBUG:py4j.java_gateway:Command to send: r
m
org.apache.spark.api.python.PythonUtils
toSeq
e

DEBUG:py4j.java_gateway:Answer received: !ym
DEBUG:py4j.java_gateway:Command to send: i
java.util.ArrayList
e

DEBUG:py4j.java_gateway:Answer received: !ylo85
DEBUG:py4j.java_gateway:Command to send: c
o85
add
ro84
e

DEBUG:py4j.java_gateway:Answer received: !ybtrue
DEBUG:py4j.java_gateway:Command to send: c
z:org.apache.spark.api.python.PythonUtils
toSeq
ro85
e

DEBUG:py4j.java_gateway:Answer received: !yro86
DEBUG:py4j.java_gateway:Command to send: m
d
o85
e

DEBUG:py4j.java_gateway:Answer received: !yv
DEBUG:py4j.java_gateway:Command to send: c
o82
sort
ro86
e

DEBUG:py4j.java_gateway:Answer received: !yro87
DEBUG:py4j.java_gateway:Command to send: c
o87
showString
i20
i20
e

DEBUG:py4j.java_gateway:Answer received: !ys+-----------+-----+\n|movie_index|count|\n+-----------+-----+\n|        296|67310|\n|        356|66172|\n|        318|63366|\n|        593|63299|\n|        480|59715|\n|        260|54502|\n|        110|53769|\n|        589|52244|\n|       2571|51334|\n|        527|50054|\n|          1|49695|\n|        457|49581|\n|        150|47777|\n|        780|47048|\n|         50|47006|\n|       1210|46839|\n|        592|46054|\n|       1196|45313|\n|       2858|44987|\n|         32|44980|\n+-----------+-----+\nonly showing top 20 rows\n
DEBUG:py4j.java_gateway:Command to send: c
o87
limit
i25
e

DEBUG:py4j.java_gateway:Answer received: !yro88
DEBUG:py4j.java_gateway:Command to send: c
o11
setCallSite
stake at /home/tutn6/Desktop/engine_recommendation.git/trunk/recommendation_engine/what_is_popular.py:67
e

DEBUG:py4j.java_gateway:Answer received: !yv
DEBUG:py4j.java_gateway:Command to send: c
o88
collectToPython
e

DEBUG:py4j.java_gateway:Answer received: !yi40850
DEBUG:py4j.java_gateway:Command to send: c
o11
setCallSite
n
e

DEBUG:py4j.java_gateway:Answer received: !yv
DEBUG:py4j.java_gateway:Command to send: c
o11
setCallSite
scollect at /home/tutn6/Desktop/engine_recommendation.git/trunk/recommendation_engine/what_is_popular.py:68
e

DEBUG:py4j.java_gateway:Answer received: !yv
DEBUG:py4j.java_gateway:Command to send: c
o51
collectToPython
e

DEBUG:py4j.java_gateway:Answer received: !yi42180
DEBUG:py4j.java_gateway:Command to send: c
o11
setCallSite
n
e

DEBUG:py4j.java_gateway:Answer received: !yv
DEBUG:py4j.java_gateway:Command to send: m
d
o62
e

DEBUG:py4j.java_gateway:Answer received: !yv
DEBUG:py4j.java_gateway:Command to send: m
d
o63
e

DEBUG:py4j.java_gateway:Answer received: !yv
DEBUG:py4j.java_gateway:Command to send: m
d
o64
e

DEBUG:py4j.java_gateway:Answer received: !yv
DEBUG:py4j.java_gateway:Command to send: m
d
o65
e

DEBUG:py4j.java_gateway:Answer received: !yv
DEBUG:py4j.java_gateway:Command to send: m
d
o70
e

DEBUG:py4j.java_gateway:Answer received: !yv
DEBUG:py4j.java_gateway:Command to send: m
d
o71
e

DEBUG:py4j.java_gateway:Answer received: !yv
DEBUG:py4j.java_gateway:Command to send: m
d
o72
e

DEBUG:py4j.java_gateway:Answer received: !yv
DEBUG:py4j.java_gateway:Command to send: m
d
o73
e

DEBUG:py4j.java_gateway:Answer received: !yv
DEBUG:py4j.java_gateway:Command to send: m
d
o74
e

DEBUG:py4j.java_gateway:Answer received: !yv
DEBUG:py4j.java_gateway:Command to send: m
d
o75
e

DEBUG:py4j.java_gateway:Answer received: !yv
DEBUG:py4j.java_gateway:Command to send: m
d
o76
e

DEBUG:py4j.java_gateway:Answer received: !yv
DEBUG:py4j.java_gateway:Command to send: m
d
o78
e

DEBUG:py4j.java_gateway:Answer received: !yv
DEBUG:py4j.java_gateway:Command to send: m
d
o80
e

DEBUG:py4j.java_gateway:Answer received: !yv
DEBUG:py4j.java_gateway:Command to send: m
d
o81
e

DEBUG:py4j.java_gateway:Answer received: !yv
DEBUG:py4j.java_gateway:Command to send: m
d
o82
e

DEBUG:py4j.java_gateway:Answer received: !yv
DEBUG:py4j.java_gateway:Command to send: m
d
o83
e

DEBUG:py4j.java_gateway:Answer received: !yv
DEBUG:py4j.java_gateway:Command to send: m
d
o84
e

DEBUG:py4j.java_gateway:Answer received: !yv
DEBUG:py4j.java_gateway:Command to send: m
d
o86
e

DEBUG:py4j.java_gateway:Answer received: !yv
DEBUG:py4j.java_gateway:Command to send: m
d
o88
e

DEBUG:py4j.java_gateway:Answer received: !yv
DEBUG:py4j.java_gateway:Command to send: m
d
o32
e

DEBUG:py4j.java_gateway:Answer received: !yv
DEBUG:py4j.java_gateway:Command to send: m
d
o58
e

DEBUG:py4j.java_gateway:Answer received: !yv
DEBUG:py4j.java_gateway:Command to send: c
o11
setCallSite
scollect at /home/tutn6/Desktop/engine_recommendation.git/trunk/recommendation_engine/what_is_popular.py:68
e

DEBUG:py4j.java_gateway:Answer received: !yv
DEBUG:py4j.java_gateway:Command to send: c
o51
collectToPython
e

DEBUG:py4j.java_gateway:Answer received: !yi46661
DEBUG:py4j.java_gateway:Command to send: c
o11
setCallSite
n
e

DEBUG:py4j.java_gateway:Answer received: !yv
DEBUG:py4j.java_gateway:Command to send: c
o11
setCallSite
scollect at /home/tutn6/Desktop/engine_recommendation.git/trunk/recommendation_engine/what_is_popular.py:68
e

DEBUG:py4j.java_gateway:Answer received: !yv
DEBUG:py4j.java_gateway:Command to send: c
o51
collectToPython
e

DEBUG:py4j.java_gateway:Answer received: !yi37533
DEBUG:py4j.java_gateway:Command to send: c
o11
setCallSite
n
e

DEBUG:py4j.java_gateway:Answer received: !yv
DEBUG:py4j.java_gateway:Command to send: c
o11
setCallSite
scollect at /home/tutn6/Desktop/engine_recommendation.git/trunk/recommendation_engine/what_is_popular.py:68
e

DEBUG:py4j.java_gateway:Answer received: !yv
DEBUG:py4j.java_gateway:Command to send: c
o51
collectToPython
e

DEBUG:py4j.java_gateway:Answer received: !yi45549
DEBUG:py4j.java_gateway:Command to send: c
o11
setCallSite
n
e

DEBUG:py4j.java_gateway:Answer received: !yv
DEBUG:py4j.java_gateway:Command to send: c
o11
setCallSite
scollect at /home/tutn6/Desktop/engine_recommendation.git/trunk/recommendation_engine/what_is_popular.py:68
e

DEBUG:py4j.java_gateway:Answer received: !yv
DEBUG:py4j.java_gateway:Command to send: c
o51
collectToPython
e

DEBUG:py4j.java_gateway:Answer received: !yi40035
DEBUG:py4j.java_gateway:Command to send: c
o11
setCallSite
n
e

DEBUG:py4j.java_gateway:Answer received: !yv
DEBUG:py4j.java_gateway:Command to send: c
o11
setCallSite
scollect at /home/tutn6/Desktop/engine_recommendation.git/trunk/recommendation_engine/what_is_popular.py:68
e

DEBUG:py4j.java_gateway:Answer received: !yv
DEBUG:py4j.java_gateway:Command to send: c
o51
collectToPython
e

DEBUG:py4j.java_gateway:Answer received: !yi41307
DEBUG:py4j.java_gateway:Command to send: c
o11
setCallSite
n
e

DEBUG:py4j.java_gateway:Answer received: !yv
DEBUG:py4j.java_gateway:Command to send: c
o11
setCallSite
scollect at /home/tutn6/Desktop/engine_recommendation.git/trunk/recommendation_engine/what_is_popular.py:68
e

DEBUG:py4j.java_gateway:Answer received: !yv
DEBUG:py4j.java_gateway:Command to send: c
o51
collectToPython
e

DEBUG:py4j.java_gateway:Answer received: !yi46809
DEBUG:py4j.java_gateway:Command to send: c
o11
setCallSite
n
e

DEBUG:py4j.java_gateway:Answer received: !yv
DEBUG:py4j.java_gateway:Command to send: c
o11
setCallSite
scollect at /home/tutn6/Desktop/engine_recommendation.git/trunk/recommendation_engine/what_is_popular.py:68
e

DEBUG:py4j.java_gateway:Answer received: !yv
DEBUG:py4j.java_gateway:Command to send: c
o51
collectToPython
e

DEBUG:py4j.java_gateway:Answer received: !yi41467
DEBUG:py4j.java_gateway:Command to send: c
o11
setCallSite
n
e

DEBUG:py4j.java_gateway:Answer received: !yv
DEBUG:py4j.java_gateway:Command to send: c
o11
setCallSite
scollect at /home/tutn6/Desktop/engine_recommendation.git/trunk/recommendation_engine/what_is_popular.py:68
e

DEBUG:py4j.java_gateway:Answer received: !yv
DEBUG:py4j.java_gateway:Command to send: c
o51
collectToPython
e

DEBUG:py4j.java_gateway:Answer received: !yi42750
DEBUG:py4j.java_gateway:Command to send: c
o11
setCallSite
n
e

DEBUG:py4j.java_gateway:Answer received: !yv
DEBUG:py4j.java_gateway:Command to send: c
o11
setCallSite
scollect at /home/tutn6/Desktop/engine_recommendation.git/trunk/recommendation_engine/what_is_popular.py:68
e

DEBUG:py4j.java_gateway:Answer received: !yv
DEBUG:py4j.java_gateway:Command to send: c
o51
collectToPython
e

DEBUG:py4j.java_gateway:Answer received: !yi42996
DEBUG:py4j.java_gateway:Command to send: c
o11
setCallSite
n
e

DEBUG:py4j.java_gateway:Answer received: !yv
DEBUG:py4j.java_gateway:Command to send: c
o11
setCallSite
scollect at /home/tutn6/Desktop/engine_recommendation.git/trunk/recommendation_engine/what_is_popular.py:68
e

DEBUG:py4j.java_gateway:Answer received: !yv
DEBUG:py4j.java_gateway:Command to send: c
o51
collectToPython
e

DEBUG:py4j.java_gateway:Answer received: !yi41887
DEBUG:py4j.java_gateway:Command to send: c
o11
setCallSite
n
e

DEBUG:py4j.java_gateway:Answer received: !yv
DEBUG:py4j.java_gateway:Command to send: c
o11
setCallSite
scollect at /home/tutn6/Desktop/engine_recommendation.git/trunk/recommendation_engine/what_is_popular.py:68
e

DEBUG:py4j.java_gateway:Answer received: !yv
DEBUG:py4j.java_gateway:Command to send: c
o51
collectToPython
e

DEBUG:py4j.java_gateway:Answer received: !yi41289
DEBUG:py4j.java_gateway:Command to send: c
o11
setCallSite
n
e

DEBUG:py4j.java_gateway:Answer received: !yv
DEBUG:py4j.java_gateway:Command to send: c
o11
setCallSite
scollect at /home/tutn6/Desktop/engine_recommendation.git/trunk/recommendation_engine/what_is_popular.py:68
e

DEBUG:py4j.java_gateway:Answer received: !yv
DEBUG:py4j.java_gateway:Command to send: c
o51
collectToPython
e

DEBUG:py4j.java_gateway:Answer received: !yi36278
DEBUG:py4j.java_gateway:Command to send: c
o11
setCallSite
n
e

DEBUG:py4j.java_gateway:Answer received: !yv
DEBUG:py4j.java_gateway:Command to send: c
o11
setCallSite
scollect at /home/tutn6/Desktop/engine_recommendation.git/trunk/recommendation_engine/what_is_popular.py:68
e

DEBUG:py4j.java_gateway:Answer received: !yv
DEBUG:py4j.java_gateway:Command to send: c
o51
collectToPython
e

DEBUG:py4j.java_gateway:Answer received: !yi33118
DEBUG:py4j.java_gateway:Command to send: c
o11
setCallSite
n
e

DEBUG:py4j.java_gateway:Answer received: !yv
DEBUG:py4j.java_gateway:Command to send: c
o11
sc
e

DEBUG:py4j.java_gateway:Answer received: !yro89
DEBUG:py4j.java_gateway:Command to send: c
o89
cancelAllJobs
e

DEBUG:py4j.java_gateway:Answer received: !yv
DEBUG:py4j.java_gateway:Command to send: m
d
o89
e

DEBUG:py4j.java_gateway:Answer received: !yv
DEBUG:py4j.java_gateway:Command to send: m
d
o11
e

DEBUG:py4j.java_gateway:Answer received: !yv
DEBUG:py4j.java_gateway:Command to send: m
d
o14
e

DEBUG:py4j.java_gateway:Answer received: !yv
DEBUG:py4j.java_gateway:Command to send: m
d
o21
e

DEBUG:py4j.java_gateway:Answer received: !yv
DEBUG:py4j.java_gateway:Command to send: m
d
o22
e

DEBUG:py4j.java_gateway:Answer received: !yv
DEBUG:py4j.java_gateway:Command to send: m
d
o13
e

DEBUG:py4j.java_gateway:Answer received: 
INFO:py4j.java_gateway:Error while receiving.
Traceback (most recent call last):
  File "/home/tutn6/Desktop/spark-2.2.0/python/lib/py4j-0.10.4-src.zip/py4j/java_gateway.py", line 1035, in send_command
py4j.protocol.Py4JNetworkError: Answer from Java side is empty
ERROR:root:Exception while sending command.
Traceback (most recent call last):
  File "/home/tutn6/Desktop/spark-2.2.0/python/lib/py4j-0.10.4-src.zip/py4j/java_gateway.py", line 1035, in send_command
py4j.protocol.Py4JNetworkError: Answer from Java side is empty

During handling of the above exception, another exception occurred:

Traceback (most recent call last):
  File "/home/tutn6/Desktop/spark-2.2.0/python/lib/py4j-0.10.4-src.zip/py4j/java_gateway.py", line 883, in send_command
  File "/home/tutn6/Desktop/spark-2.2.0/python/lib/py4j-0.10.4-src.zip/py4j/java_gateway.py", line 1040, in send_command
py4j.protocol.Py4JNetworkError: Error while receiving
DEBUG:py4j.java_gateway:Exception while shutting down a socket
Traceback (most recent call last):
  File "/home/tutn6/Desktop/spark-2.2.0/python/lib/py4j-0.10.4-src.zip/py4j/java_gateway.py", line 441, in quiet_shutdown
OSError: [Errno 9] Bad file descriptor
ERROR:py4j.java_gateway:An error occurred while trying to connect to the Java server (127.0.0.1:34919)
Traceback (most recent call last):
  File "/home/tutn6/Desktop/spark-2.2.0/python/lib/py4j-0.10.4-src.zip/py4j/java_gateway.py", line 827, in _get_connection
IndexError: pop from an empty deque

During handling of the above exception, another exception occurred:

Traceback (most recent call last):
  File "/home/tutn6/Desktop/spark-2.2.0/python/lib/py4j-0.10.4-src.zip/py4j/java_gateway.py", line 963, in start
ConnectionRefusedError: [Errno 111] Connection refused
DEBUG:py4j.java_gateway:Exception while garbage collecting an object
Traceback (most recent call last):
  File "/home/tutn6/Desktop/spark-2.2.0/python/lib/py4j-0.10.4-src.zip/py4j/java_gateway.py", line 827, in _get_connection
IndexError: pop from an empty deque

During handling of the above exception, another exception occurred:

Traceback (most recent call last):
  File "/home/tutn6/Desktop/spark-2.2.0/python/lib/py4j-0.10.4-src.zip/py4j/java_gateway.py", line 963, in start
ConnectionRefusedError: [Errno 111] Connection refused

During handling of the above exception, another exception occurred:

Traceback (most recent call last):
  File "/home/tutn6/Desktop/spark-2.2.0/python/lib/py4j-0.10.4-src.zip/py4j/java_gateway.py", line 555, in _garbage_collect_object
  File "/home/tutn6/Desktop/spark-2.2.0/python/lib/py4j-0.10.4-src.zip/py4j/java_gateway.py", line 881, in send_command
  File "/home/tutn6/Desktop/spark-2.2.0/python/lib/py4j-0.10.4-src.zip/py4j/java_gateway.py", line 829, in _get_connection
  File "/home/tutn6/Desktop/spark-2.2.0/python/lib/py4j-0.10.4-src.zip/py4j/java_gateway.py", line 835, in _create_connection
  File "/home/tutn6/Desktop/spark-2.2.0/python/lib/py4j-0.10.4-src.zip/py4j/java_gateway.py", line 970, in start
py4j.protocol.Py4JNetworkError: An error occurred while trying to connect to the Java server (127.0.0.1:34919)
DEBUG:py4j.java_gateway:Exception while shutting down a socket
Traceback (most recent call last):
  File "/home/tutn6/Desktop/spark-2.2.0/python/lib/py4j-0.10.4-src.zip/py4j/java_gateway.py", line 441, in quiet_shutdown
OSError: [Errno 107] Transport endpoint is not connected
ERROR:py4j.java_gateway:An error occurred while trying to connect to the Java server (127.0.0.1:34919)
Traceback (most recent call last):
  File "/home/tutn6/Desktop/spark-2.2.0/python/lib/py4j-0.10.4-src.zip/py4j/java_gateway.py", line 827, in _get_connection
IndexError: pop from an empty deque

During handling of the above exception, another exception occurred:

Traceback (most recent call last):
  File "/home/tutn6/Desktop/spark-2.2.0/python/lib/py4j-0.10.4-src.zip/py4j/java_gateway.py", line 963, in start
ConnectionRefusedError: [Errno 111] Connection refused
DEBUG:py4j.java_gateway:Exception while garbage collecting an object
Traceback (most recent call last):
  File "/home/tutn6/Desktop/spark-2.2.0/python/lib/py4j-0.10.4-src.zip/py4j/java_gateway.py", line 827, in _get_connection
IndexError: pop from an empty deque

During handling of the above exception, another exception occurred:

Traceback (most recent call last):
  File "/home/tutn6/Desktop/spark-2.2.0/python/lib/py4j-0.10.4-src.zip/py4j/java_gateway.py", line 963, in start
ConnectionRefusedError: [Errno 111] Connection refused

During handling of the above exception, another exception occurred:

Traceback (most recent call last):
  File "/home/tutn6/Desktop/spark-2.2.0/python/lib/py4j-0.10.4-src.zip/py4j/java_gateway.py", line 555, in _garbage_collect_object
  File "/home/tutn6/Desktop/spark-2.2.0/python/lib/py4j-0.10.4-src.zip/py4j/java_gateway.py", line 881, in send_command
  File "/home/tutn6/Desktop/spark-2.2.0/python/lib/py4j-0.10.4-src.zip/py4j/java_gateway.py", line 829, in _get_connection
  File "/home/tutn6/Desktop/spark-2.2.0/python/lib/py4j-0.10.4-src.zip/py4j/java_gateway.py", line 835, in _create_connection
  File "/home/tutn6/Desktop/spark-2.2.0/python/lib/py4j-0.10.4-src.zip/py4j/java_gateway.py", line 970, in start
py4j.protocol.Py4JNetworkError: An error occurred while trying to connect to the Java server (127.0.0.1:34919)
DEBUG:py4j.java_gateway:Exception while shutting down a socket
Traceback (most recent call last):
  File "/home/tutn6/Desktop/spark-2.2.0/python/lib/py4j-0.10.4-src.zip/py4j/java_gateway.py", line 441, in quiet_shutdown
OSError: [Errno 107] Transport endpoint is not connected
ERROR:py4j.java_gateway:An error occurred while trying to connect to the Java server (127.0.0.1:34919)
Traceback (most recent call last):
  File "/home/tutn6/Desktop/spark-2.2.0/python/lib/py4j-0.10.4-src.zip/py4j/java_gateway.py", line 827, in _get_connection
IndexError: pop from an empty deque

During handling of the above exception, another exception occurred:

Traceback (most recent call last):
  File "/home/tutn6/Desktop/spark-2.2.0/python/lib/py4j-0.10.4-src.zip/py4j/java_gateway.py", line 963, in start
ConnectionRefusedError: [Errno 111] Connection refused
DEBUG:py4j.java_gateway:Exception while garbage collecting an object
Traceback (most recent call last):
  File "/home/tutn6/Desktop/spark-2.2.0/python/lib/py4j-0.10.4-src.zip/py4j/java_gateway.py", line 827, in _get_connection
IndexError: pop from an empty deque

During handling of the above exception, another exception occurred:

Traceback (most recent call last):
  File "/home/tutn6/Desktop/spark-2.2.0/python/lib/py4j-0.10.4-src.zip/py4j/java_gateway.py", line 963, in start
ConnectionRefusedError: [Errno 111] Connection refused

During handling of the above exception, another exception occurred:

Traceback (most recent call last):
  File "/home/tutn6/Desktop/spark-2.2.0/python/lib/py4j-0.10.4-src.zip/py4j/java_gateway.py", line 555, in _garbage_collect_object
  File "/home/tutn6/Desktop/spark-2.2.0/python/lib/py4j-0.10.4-src.zip/py4j/java_gateway.py", line 881, in send_command
  File "/home/tutn6/Desktop/spark-2.2.0/python/lib/py4j-0.10.4-src.zip/py4j/java_gateway.py", line 829, in _get_connection
  File "/home/tutn6/Desktop/spark-2.2.0/python/lib/py4j-0.10.4-src.zip/py4j/java_gateway.py", line 835, in _create_connection
  File "/home/tutn6/Desktop/spark-2.2.0/python/lib/py4j-0.10.4-src.zip/py4j/java_gateway.py", line 970, in start
py4j.protocol.Py4JNetworkError: An error occurred while trying to connect to the Java server (127.0.0.1:34919)
DEBUG:py4j.java_gateway:Exception while shutting down a socket
Traceback (most recent call last):
  File "/home/tutn6/Desktop/spark-2.2.0/python/lib/py4j-0.10.4-src.zip/py4j/java_gateway.py", line 441, in quiet_shutdown
OSError: [Errno 107] Transport endpoint is not connected
ERROR:py4j.java_gateway:An error occurred while trying to connect to the Java server (127.0.0.1:34919)
Traceback (most recent call last):
  File "/home/tutn6/Desktop/spark-2.2.0/python/lib/py4j-0.10.4-src.zip/py4j/java_gateway.py", line 827, in _get_connection
IndexError: pop from an empty deque

During handling of the above exception, another exception occurred:

Traceback (most recent call last):
  File "/home/tutn6/Desktop/spark-2.2.0/python/lib/py4j-0.10.4-src.zip/py4j/java_gateway.py", line 963, in start
ConnectionRefusedError: [Errno 111] Connection refused
DEBUG:py4j.java_gateway:Exception while garbage collecting an object
Traceback (most recent call last):
  File "/home/tutn6/Desktop/spark-2.2.0/python/lib/py4j-0.10.4-src.zip/py4j/java_gateway.py", line 827, in _get_connection
IndexError: pop from an empty deque

During handling of the above exception, another exception occurred:

Traceback (most recent call last):
  File "/home/tutn6/Desktop/spark-2.2.0/python/lib/py4j-0.10.4-src.zip/py4j/java_gateway.py", line 963, in start
ConnectionRefusedError: [Errno 111] Connection refused

During handling of the above exception, another exception occurred:

Traceback (most recent call last):
  File "/home/tutn6/Desktop/spark-2.2.0/python/lib/py4j-0.10.4-src.zip/py4j/java_gateway.py", line 555, in _garbage_collect_object
  File "/home/tutn6/Desktop/spark-2.2.0/python/lib/py4j-0.10.4-src.zip/py4j/java_gateway.py", line 881, in send_command
  File "/home/tutn6/Desktop/spark-2.2.0/python/lib/py4j-0.10.4-src.zip/py4j/java_gateway.py", line 829, in _get_connection
  File "/home/tutn6/Desktop/spark-2.2.0/python/lib/py4j-0.10.4-src.zip/py4j/java_gateway.py", line 835, in _create_connection
  File "/home/tutn6/Desktop/spark-2.2.0/python/lib/py4j-0.10.4-src.zip/py4j/java_gateway.py", line 970, in start
py4j.protocol.Py4JNetworkError: An error occurred while trying to connect to the Java server (127.0.0.1:34919)
DEBUG:py4j.java_gateway:Exception while shutting down a socket
Traceback (most recent call last):
  File "/home/tutn6/Desktop/spark-2.2.0/python/lib/py4j-0.10.4-src.zip/py4j/java_gateway.py", line 441, in quiet_shutdown
OSError: [Errno 107] Transport endpoint is not connected
ERROR:py4j.java_gateway:An error occurred while trying to connect to the Java server (127.0.0.1:34919)
Traceback (most recent call last):
  File "/home/tutn6/Desktop/spark-2.2.0/python/lib/py4j-0.10.4-src.zip/py4j/java_gateway.py", line 827, in _get_connection
IndexError: pop from an empty deque

During handling of the above exception, another exception occurred:

Traceback (most recent call last):
  File "/home/tutn6/Desktop/spark-2.2.0/python/lib/py4j-0.10.4-src.zip/py4j/java_gateway.py", line 963, in start
ConnectionRefusedError: [Errno 111] Connection refused
DEBUG:py4j.java_gateway:Exception while garbage collecting an object
Traceback (most recent call last):
  File "/home/tutn6/Desktop/spark-2.2.0/python/lib/py4j-0.10.4-src.zip/py4j/java_gateway.py", line 827, in _get_connection
IndexError: pop from an empty deque

During handling of the above exception, another exception occurred:

Traceback (most recent call last):
  File "/home/tutn6/Desktop/spark-2.2.0/python/lib/py4j-0.10.4-src.zip/py4j/java_gateway.py", line 963, in start
ConnectionRefusedError: [Errno 111] Connection refused

During handling of the above exception, another exception occurred:

Traceback (most recent call last):
  File "/home/tutn6/Desktop/spark-2.2.0/python/lib/py4j-0.10.4-src.zip/py4j/java_gateway.py", line 555, in _garbage_collect_object
  File "/home/tutn6/Desktop/spark-2.2.0/python/lib/py4j-0.10.4-src.zip/py4j/java_gateway.py", line 881, in send_command
  File "/home/tutn6/Desktop/spark-2.2.0/python/lib/py4j-0.10.4-src.zip/py4j/java_gateway.py", line 829, in _get_connection
  File "/home/tutn6/Desktop/spark-2.2.0/python/lib/py4j-0.10.4-src.zip/py4j/java_gateway.py", line 835, in _create_connection
  File "/home/tutn6/Desktop/spark-2.2.0/python/lib/py4j-0.10.4-src.zip/py4j/java_gateway.py", line 970, in start
py4j.protocol.Py4JNetworkError: An error occurred while trying to connect to the Java server (127.0.0.1:34919)
DEBUG:py4j.java_gateway:Exception while shutting down a socket
Traceback (most recent call last):
  File "/home/tutn6/Desktop/spark-2.2.0/python/lib/py4j-0.10.4-src.zip/py4j/java_gateway.py", line 441, in quiet_shutdown
OSError: [Errno 107] Transport endpoint is not connected
